#
# There is insufficient memory for the Java Runtime Environment to continue.
# Native memory allocation (mmap) failed to map 100663296 bytes for Failed to commit area from 0x00000000a0c00000 to 0x00000000a6c00000 of length 100663296.
# Possible reasons:
#   The system is out of physical RAM or swap space
#   The process is running with CompressedOops enabled, and the Java Heap may be blocking the growth of the native heap
# Possible solutions:
#   Reduce memory load on the system
#   Increase physical memory or swap space
#   Check if swap backing store is full
#   Decrease Java heap size (-Xmx/-Xms)
#   Decrease number of Java threads
#   Decrease Java thread stack sizes (-Xss)
#   Set larger code cache with -XX:ReservedCodeCacheSize=
# This output file may be truncated or incomplete.
#
#  Out of Memory Error (t:/workspace/open/src/hotspot/os/windows/os_windows.cpp:3271), pid=9152, tid=12524
#
# JRE version:  (11.0.6+8) (build )
# Java VM: Java HotSpot(TM) 64-Bit Server VM (11.0.6+8-LTS, mixed mode, sharing, tiered, compressed oops, g1 gc, windows-amd64)
# No core dump will be written. Minidumps are not enabled by default on client versions of Windows
#

---------------  S U M M A R Y ------------

Command Line: -Dcom.android.sdklib.toolsdir=C:\Users\mathana\AppData\Local\Android\Sdk\tools\bin\\.. com.android.sdklib.tool.sdkmanager.SdkManagerCli --list

Host: AMD Ryzen 5 3500U with Radeon Vega Mobile Gfx  , 8 cores, 5G,  Windows 10 , 64 bit Build 19041 (10.0.19041.2251)
Time: Mon Oct  9 18:19:25 2023 Egypt Standard Time elapsed time: 0 seconds (0d 0h 0m 0s)

---------------  T H R E A D  ---------------

Current thread (0x000001e96a62a000):  JavaThread "Unknown thread" [_thread_in_vm, id=12524, stack(0x0000008379d00000,0x0000008379e00000)]

Stack: [0x0000008379d00000,0x0000008379e00000]
Native frames: (J=compiled Java code, j=interpreted, Vv=VM code, C=native code)
V  [jvm.dll+0x63679a]
V  [jvm.dll+0x7755bf]
V  [jvm.dll+0x776c65]
V  [jvm.dll+0x7772d3]
V  [jvm.dll+0x25e7f8]
V  [jvm.dll+0x633c4a]
V  [jvm.dll+0x628625]
V  [jvm.dll+0x314a7c]
V  [jvm.dll+0x314902]
V  [jvm.dll+0x31a176]
V  [jvm.dll+0x36650f]
V  [jvm.dll+0x365f30]
V  [jvm.dll+0x2f1a78]
V  [jvm.dll+0x2f2bf6]
V  [jvm.dll+0x74e707]
V  [jvm.dll+0x74fe7f]
V  [jvm.dll+0x373349]
V  [jvm.dll+0x734e5e]
V  [jvm.dll+0x3e2b5d]
V  [jvm.dll+0x3e4ef1]
C  [java.exe+0x3607]
C  [java.exe+0x178dc]
C  [KERNEL32.DLL+0x174b4]
C  [ntdll.dll+0x526a1]


---------------  P R O C E S S  ---------------

Threads class SMR info:
_java_thread_list=0x000001e96a3e7280, length=0, elements={
}

Java Threads: ( => current thread )

Other Threads:
  0x000001e96a63d800 GCTaskThread "GC Thread#0" [stack: 0x0000008379e00000,0x0000008379f00000] [id=16948]
  0x000001e96a666800 ConcurrentGCThread "G1 Main Marker" [stack: 0x0000008379f00000,0x000000837a000000] [id=8172]
  0x000001e96a669800 ConcurrentGCThread "G1 Conc#0" [stack: 0x000000837a000000,0x000000837a100000] [id=20996]

[error occurred during error reporting (printing all threads), id 0xc0000005, EXCEPTION_ACCESS_VIOLATION (0xc0000005) at pc=0x00007ff9b6410207]

VM state:not at safepoint (not fully initialized)

VM Mutex/Monitor currently owned by a thread:  ([mutex/lock_event])
[0x000001e96a627160] Heap_lock - owner thread: 0x000001e96a62a000

Heap address: 0x00000000a0c00000, size: 1524 MB, Compressed Oops mode: Non-zero based: 0x00000000a0c00000
Narrow klass base: 0x0000000000000000, Narrow klass shift: 0

GC Heap History (0 events):
No events

Deoptimization events (0 events):
No events

Classes redefined (0 events):
No events

Internal exceptions (0 events):
No events

Events (0 events):
No events


Dynamic libraries:
0x00007ff795390000 - 0x00007ff7953d7000 	C:\Program Files\Java\jdk-11.0.6\bin\java.exe
0x00007ffa079b0000 - 0x00007ffa07ba8000 	C:\Windows\SYSTEM32\ntdll.dll
0x00007ffa06c50000 - 0x00007ffa06d0f000 	C:\Windows\System32\KERNEL32.DLL
0x00007ffa05230000 - 0x00007ffa05502000 	C:\Windows\System32\KERNELBASE.dll
0x00007ffa07250000 - 0x00007ffa072fe000 	C:\Windows\System32\ADVAPI32.dll
0x00007ffa07070000 - 0x00007ffa0710e000 	C:\Windows\System32\msvcrt.dll
0x00007ffa05ed0000 - 0x00007ffa05f6c000 	C:\Windows\System32\sechost.dll
0x00007ffa07110000 - 0x00007ffa07235000 	C:\Windows\System32\RPCRT4.dll
0x00007ffa06ab0000 - 0x00007ffa06c4d000 	C:\Windows\System32\USER32.dll
0x00007ffa05160000 - 0x00007ffa05182000 	C:\Windows\System32\win32u.dll
0x00007ffa06a20000 - 0x00007ffa06a4b000 	C:\Windows\System32\GDI32.dll
0x00007ffa05740000 - 0x00007ffa0584f000 	C:\Windows\System32\gdi32full.dll
0x00007ffa05190000 - 0x00007ffa0522d000 	C:\Windows\System32\msvcp_win.dll
0x00007ffa05510000 - 0x00007ffa05610000 	C:\Windows\System32\ucrtbase.dll
0x00007ff9f0e20000 - 0x00007ff9f10ba000 	C:\Windows\WinSxS\amd64_microsoft.windows.common-controls_6595b64144ccf1df_6.0.19041.1110_none_60b5254171f9507e\COMCTL32.dll
0x00007ff9fd570000 - 0x00007ff9fd57a000 	C:\Windows\SYSTEM32\VERSION.dll
0x00007ffa05e90000 - 0x00007ffa05ec2000 	C:\Windows\System32\IMM32.DLL
0x00007ff9ef6a0000 - 0x00007ff9ef6b6000 	C:\Program Files\Java\jdk-11.0.6\bin\vcruntime140.dll
0x00007ff9d5000000 - 0x00007ff9d50aa000 	C:\Program Files\Java\jdk-11.0.6\bin\msvcp140.dll
0x00007ff9b6110000 - 0x00007ff9b6c39000 	C:\Program Files\Java\jdk-11.0.6\bin\server\jvm.dll
0x00007ffa06fb0000 - 0x00007ffa06fb8000 	C:\Windows\System32\PSAPI.DLL
0x00007ff9fac60000 - 0x00007ff9fac87000 	C:\Windows\SYSTEM32\WINMM.dll
0x00007ff9ec190000 - 0x00007ff9ec199000 	C:\Windows\SYSTEM32\WSOCK32.dll
0x00007ffa06d90000 - 0x00007ffa06dfb000 	C:\Windows\System32\WS2_32.dll
0x00007ffa02f70000 - 0x00007ffa02f82000 	C:\Windows\SYSTEM32\kernel.appcore.dll
0x00007ff9ef220000 - 0x00007ff9ef231000 	C:\Program Files\Java\jdk-11.0.6\bin\verify.dll
0x00007ff9fa920000 - 0x00007ff9fab04000 	C:\Windows\SYSTEM32\DBGHELP.DLL
0x00007ff9f25e0000 - 0x00007ff9f260c000 	C:\Windows\SYSTEM32\dbgcore.DLL
0x00007ffa056b0000 - 0x00007ffa05732000 	C:\Windows\System32\bcryptPrimitives.dll
0x00007ff9eee00000 - 0x00007ff9eee29000 	C:\Program Files\Java\jdk-11.0.6\bin\java.dll
0x00007ff9eeb80000 - 0x00007ff9eeb96000 	C:\Program Files\Java\jdk-11.0.6\bin\zip.dll
0x00007ff9f54a0000 - 0x00007ff9f54aa000 	C:\Program Files\Java\jdk-11.0.6\bin\jimage.dll

dbghelp: loaded successfully - version: 4.0.5 - missing functions: none
symbol engine: initialized successfully - sym options: 0x614 - pdb path: .;C:\Program Files\Java\jdk-11.0.6\bin;C:\Windows\SYSTEM32;C:\Windows\WinSxS\amd64_microsoft.windows.common-controls_6595b64144ccf1df_6.0.19041.1110_none_60b5254171f9507e;C:\Program Files\Java\jdk-11.0.6\bin\server

VM Arguments:
jvm_args: -Dcom.android.sdklib.toolsdir=C:\Users\mathana\AppData\Local\Android\Sdk\tools\bin\\.. 
java_command: com.android.sdklib.tool.sdkmanager.SdkManagerCli --list
java_class_path (initial): C:\Users\mathana\AppData\Local\Android\Sdk\tools\bin\..\lib\dvlib-26.0.0-dev.jar;C:\Users\mathana\AppData\Local\Android\Sdk\tools\bin\..\lib\jimfs-1.1.jar;C:\Users\mathana\AppData\Local\Android\Sdk\tools\bin\..\lib\jsr305-1.3.9.jar;C:\Users\mathana\AppData\Local\Android\Sdk\tools\bin\..\lib\repository-26.0.0-dev.jar;C:\Users\mathana\AppData\Local\Android\Sdk\tools\bin\..\lib\j2objc-annotations-1.1.jar;C:\Users\mathana\AppData\Local\Android\Sdk\tools\bin\..\lib\layoutlib-api-26.0.0-dev.jar;C:\Users\mathana\AppData\Local\Android\Sdk\tools\bin\..\lib\gson-2.3.jar;C:\Users\mathana\AppData\Local\Android\Sdk\tools\bin\..\lib\httpcore-4.2.5.jar;C:\Users\mathana\AppData\Local\Android\Sdk\tools\bin\..\lib\commons-logging-1.1.1.jar;C:\Users\mathana\AppData\Local\Android\Sdk\tools\bin\..\lib\commons-compress-1.12.jar;C:\Users\mathana\AppData\Local\Android\Sdk\tools\bin\..\lib\annotations-26.0.0-dev.jar;C:\Users\mathana\AppData\Local\Android\Sdk\tools\bin\..\lib\error_prone_annotations-2.0.18.jar;C:\Users\mathana\AppData\Local\Android\Sdk\tools\bin\..\lib\animal-sniffer-annotations-1.14.jar;C:\Users\mathana\AppData\Local\Android\Sdk\tools\bin\..\lib\httpclient-4.2.6.jar;C:\Users\mathana\AppData\Local\Android\Sdk\tools\bin\..\lib\commons-codec-1.6.jar;C:\Users\mathana\AppData\Local\Android\Sdk\tools\bin\..\lib\common-26.0.0-dev.jar;C:\Users\mathana\AppData\Local\Android\Sdk\tools\bin\..\lib\kxml2-2.3.0.jar;C:\Users\mathana\AppData\Local\Android\Sdk\tools\bin\..\lib\httpmime-4.1.jar;C:\Users\mathana\AppData\Local\Android\Sdk\tools\bin\..\lib\annotations-12.0.jar;C:\Users\mathana\AppData\Local\Android\Sdk\tools\bin\..\lib\sdklib-26.0.0-dev.jar;C:\Users\mathana\AppData\Local\Android\Sdk\tools\bin\..\lib\guava-22.0.jar
Launcher Type: SUN_STANDARD

[Global flags]
     intx CICompilerCount                          = 4                                         {product} {ergonomic}
     uint ConcGCThreads                            = 2                                         {product} {ergonomic}
     uint G1ConcRefinementThreads                  = 8                                         {product} {ergonomic}
   size_t G1HeapRegionSize                         = 1048576                                   {product} {ergonomic}
    uintx GCDrainStackTargetSize                   = 64                                        {product} {ergonomic}
   size_t InitialHeapSize                          = 100663296                                 {product} {ergonomic}
   size_t MarkStackSize                            = 4194304                                   {product} {ergonomic}
   size_t MaxHeapSize                              = 1598029824                                {product} {ergonomic}
   size_t MinHeapDeltaBytes                        = 1048576                                   {product} {ergonomic}
    uintx NonNMethodCodeHeapSize                   = 5836300                                {pd product} {ergonomic}
    uintx NonProfiledCodeHeapSize                  = 122910970                              {pd product} {ergonomic}
    uintx ProfiledCodeHeapSize                     = 122910970                              {pd product} {ergonomic}
    uintx ReservedCodeCacheSize                    = 251658240                              {pd product} {ergonomic}
     bool SegmentedCodeCache                       = true                                      {product} {ergonomic}
     bool UseCompressedClassPointers               = true                                 {lp64_product} {ergonomic}
     bool UseCompressedOops                        = true                                 {lp64_product} {ergonomic}
     bool UseG1GC                                  = true                                      {product} {ergonomic}
     bool UseLargePagesIndividualAllocation        = false                                  {pd product} {ergonomic}

Logging:
Log output configuration:
 #0: stdout all=warning uptime,level,tags
 #1: stderr all=off uptime,level,tags

Environment Variables:
JAVA_HOME=C:\Program Files\Java\jdk-11.0.6
CLASSPATH=C:\Users\mathana\AppData\Local\Android\Sdk\tools\bin\..\lib\dvlib-26.0.0-dev.jar;C:\Users\mathana\AppData\Local\Android\Sdk\tools\bin\..\lib\jimfs-1.1.jar;C:\Users\mathana\AppData\Local\Android\Sdk\tools\bin\..\lib\jsr305-1.3.9.jar;C:\Users\mathana\AppData\Local\Android\Sdk\tools\bin\..\lib\repository-26.0.0-dev.jar;C:\Users\mathana\AppData\Local\Android\Sdk\tools\bin\..\lib\j2objc-annotations-1.1.jar;C:\Users\mathana\AppData\Local\Android\Sdk\tools\bin\..\lib\layoutlib-api-26.0.0-dev.jar;C:\Users\mathana\AppData\Local\Android\Sdk\tools\bin\..\lib\gson-2.3.jar;C:\Users\mathana\AppData\Local\Android\Sdk\tools\bin\..\lib\httpcore-4.2.5.jar;C:\Users\mathana\AppData\Local\Android\Sdk\tools\bin\..\lib\commons-logging-1.1.1.jar;C:\Users\mathana\AppData\Local\Android\Sdk\tools\bin\..\lib\commons-compress-1.12.jar;C:\Users\mathana\AppData\Local\Android\Sdk\tools\bin\..\lib\annotations-26.0.0-dev.jar;C:\Users\mathana\AppData\Local\Android\Sdk\tools\bin\..\lib\error_prone_annotations-2.0.18.jar;C:\Users\mathana\AppData\Local\Android\Sdk\tools\bin\..\lib\animal-sniffer-annotations-1.14.jar;C:\Users\mathana\AppData\Local\Android\Sdk\tools\bin\..\lib\httpclient-4.2.6.jar;C:\Users\mathana\AppData\Local\Android\Sdk\tools\bin\..\lib\commons-codec-1.6.jar;C:\Users\mathana\AppData\Local\Android\Sdk\tools\bin\..\lib\common-26.0.0-dev.jar;C:\Users\mathana\AppData\Local\Android\Sdk\tools\bin\..\lib\kxml2-2.3.0.jar;C:\Users\mathana\AppData\Local\Android\Sdk\tools\bin\..\lib\httpmime-4.1.jar;C:\Users\mathana\AppData\Local\Android\Sdk\tools\bin\..\lib\annotations-12.0.jar;C:\Users\mathana\AppData\Local\Android\Sdk\tools\bin\..\lib\sdklib-26.0.0-dev.jar;C:\Users\mathana\AppData\Local\Android\Sdk\tools\bin\..\lib\guava-22.0.jar
PATH=C:\Windows\system32;C:\Windows;C:\Windows\System32\Wbem;C:\Windows\System32\WindowsPowerShell\v1.0\;C:\Windows\System32\OpenSSH\;C:\Program Files\nodejs\;C:\Program Files\Git\cmd;C:\Users\mathana\AppData\Local\Programs\Python\Python311\Scripts\;C:\Users\mathana\AppData\Local\Programs\Python\Python311\;C:\Users\mathana\AppData\Local\Microsoft\WindowsApps;C:\Users\mathana\AppData\Roaming\npm;C:\Users\mathana\AppData\Local\Programs\Microsoft VS Code\bin;C:\Program Files\Java\jdk-11.0.6\bin;C:\Users\mathana\AppData\Local\Android\Sdk\platform-tools;C:\Users\mathana\AppData\Local\Android\Sdk\tools;
USERNAME=mathana
OS=Windows_NT
PROCESSOR_IDENTIFIER=AMD64 Family 23 Model 24 Stepping 1, AuthenticAMD



---------------  S Y S T E M  ---------------

OS: Windows 10 , 64 bit Build 19041 (10.0.19041.2251)

CPU:total 8 (initial active 8) (8 cores per cpu, 2 threads per core) family 23 model 24 stepping 1, cmov, cx8, fxsr, mmx, sse, sse2, sse3, ssse3, sse4.1, sse4.2, popcnt, avx, avx2, aes, clmul, mmxext, 3dnowpref, lzcnt, sse4a, ht, tsc, tscinvbit, tscinv, bmi1, bmi2, adx, sha, fma

Memory: 4k page, system-wide physical 6091M (67M free)
TotalPageFile size 21352M (AvailPageFile size 89M)
current process WorkingSet (physical memory assigned to process): 9M, peak: 9M
current process commit charge ("private bytes"): 59M, peak: 155M

vm_info: Java HotSpot(TM) 64-Bit Server VM (11.0.6+8-LTS) for windows-amd64 JRE (11.0.6+8-LTS), built on Dec 11 2019 09:17:57 by "mach5one" with MS VC++ 15.5 (VS2017)

END.
