#
# There is insufficient memory for the Java Runtime Environment to continue.
# Native memory allocation (malloc) failed to allocate 1768016 bytes for Chunk::new
# Possible reasons:
#   The system is out of physical RAM or swap space
#   The process is running with CompressedOops enabled, and the Java Heap may be blocking the growth of the native heap
# Possible solutions:
#   Reduce memory load on the system
#   Increase physical memory or swap space
#   Check if swap backing store is full
#   Decrease Java heap size (-Xmx/-Xms)
#   Decrease number of Java threads
#   Decrease Java thread stack sizes (-Xss)
#   Set larger code cache with -XX:ReservedCodeCacheSize=
#   JVM is running with Unscaled Compressed Oops mode in which the Java heap is
#     placed in the first 4GB address space. The Java Heap base address is the
#     maximum limit for the native heap growth. Please use -XX:HeapBaseMinAddress
#     to set the Java Heap base and to place the Java Heap above 4GB virtual address.
# This output file may be truncated or incomplete.
#
#  Out of Memory Error (t:/workspace/open/src/hotspot/share/memory/arena.cpp:197), pid=11972, tid=5064
#
# JRE version: Java(TM) SE Runtime Environment (11.0.6+8) (build 11.0.6+8-LTS)
# Java VM: Java HotSpot(TM) 64-Bit Server VM (11.0.6+8-LTS, mixed mode, tiered, compressed oops, g1 gc, windows-amd64)
# No core dump will be written. Minidumps are not enabled by default on client versions of Windows
#

---------------  S U M M A R Y ------------

Command Line: -XX:MaxMetaspaceSize=512m --add-opens=java.base/java.util=ALL-UNNAMED --add-opens=java.base/java.lang=ALL-UNNAMED --add-opens=java.base/java.lang.invoke=ALL-UNNAMED --add-opens=java.prefs/java.util.prefs=ALL-UNNAMED --add-opens=java.base/java.nio.charset=ALL-UNNAMED --add-opens=java.base/java.net=ALL-UNNAMED --add-opens=java.base/java.util.concurrent.atomic=ALL-UNNAMED -Xmx2048m -Dfile.encoding=windows-1252 -Duser.country=US -Duser.language=en -Duser.variant org.gradle.launcher.daemon.bootstrap.GradleDaemon 8.0.1

Host: AMD Ryzen 5 3500U with Radeon Vega Mobile Gfx  , 8 cores, 5G,  Windows 10 , 64 bit Build 19041 (10.0.19041.2251)
Time: Mon Oct  9 23:43:35 2023 Egypt Standard Time elapsed time: 114 seconds (0d 0h 1m 54s)

---------------  T H R E A D  ---------------

Current thread (0x000001b4ff4a4000):  JavaThread "C2 CompilerThread0" daemon [_thread_in_native, id=5064, stack(0x000000205d800000,0x000000205d900000)]


Current CompileTask:
C2: 114828 8380 % !   4       java.util.jar.Attributes::read @ 185 (388 bytes)

Stack: [0x000000205d800000,0x000000205d900000]
Native frames: (J=compiled Java code, j=interpreted, Vv=VM code, C=native code)
V  [jvm.dll+0x63679a]
V  [jvm.dll+0x7755bf]
V  [jvm.dll+0x776c65]
V  [jvm.dll+0x7772d3]
V  [jvm.dll+0x25e7f8]
V  [jvm.dll+0xc1c01]
V  [jvm.dll+0xc219c]
V  [jvm.dll+0x36d977]
V  [jvm.dll+0x33a7b3]
V  [jvm.dll+0x339b8a]
V  [jvm.dll+0x218355]
V  [jvm.dll+0x2174fa]
V  [jvm.dll+0x193a2c]
V  [jvm.dll+0x226544]
V  [jvm.dll+0x224b28]
V  [jvm.dll+0x73a9c5]
V  [jvm.dll+0x733905]
V  [jvm.dll+0x635846]
C  [ucrtbase.dll+0x21bb2]
C  [KERNEL32.DLL+0x174b4]
C  [ntdll.dll+0x526a1]


---------------  P R O C E S S  ---------------

Threads class SMR info:
_java_thread_list=0x000001b492b0df20, length=132, elements={
0x000001b4f1768000, 0x000001b4ff43d800, 0x000001b4ff44b000, 0x000001b4ff4a1000,
0x000001b4ff4a2000, 0x000001b4ff4a4000, 0x000001b4ff4aa800, 0x000001b4ff4ab800,
0x000001b49115b800, 0x000001b491171000, 0x000001b4923e8000, 0x000001b49295c800,
0x000001b492bbf000, 0x000001b492d42000, 0x000001b492d43000, 0x000001b4914d7800,
0x000001b491996000, 0x000001b49205a800, 0x000001b49200d800, 0x000001b491ab5000,
0x000001b491ab6000, 0x000001b491ab6800, 0x000001b491ab2800, 0x000001b491ab1000,
0x000001b491ab7800, 0x000001b491ab1800, 0x000001b491ab3800, 0x000001b491ab4000,
0x000001b4931cf800, 0x000001b4931ce800, 0x000001b4931cb000, 0x000001b4931cd000,
0x000001b4931c9800, 0x000001b4931ca800, 0x000001b4931d1800, 0x000001b4931d2800,
0x000001b4931d3800, 0x000001b4931cd800, 0x000001b4931d6000, 0x000001b4931d0000,
0x000001b4931d4000, 0x000001b4931d5000, 0x000001b4931d6800, 0x000001b4931d1000,
0x000001b4931d8800, 0x000001b4931d7800, 0x000001b495907800, 0x000001b495904800,
0x000001b495909000, 0x000001b49590a000, 0x000001b495908800, 0x000001b495905000,
0x000001b495906800, 0x000001b49590b000, 0x000001b49590b800, 0x000001b495906000,
0x000001b49590e000, 0x000001b495912000, 0x000001b49590f800, 0x000001b49590c800,
0x000001b495913000, 0x000001b49590f000, 0x000001b495910800, 0x000001b495911800,
0x000001b49590d800, 0x000001b492f22000, 0x000001b492f20800, 0x000001b492f1e800,
0x000001b492f1f800, 0x000001b492f22800, 0x000001b492f23800, 0x000001b492f25000,
0x000001b492f27000, 0x000001b492f24800, 0x000001b492f26000, 0x000001b492f21000,
0x000001b492f28800, 0x000001b492f29800, 0x000001b492f2b800, 0x000001b492f2c800,
0x000001b492f2a000, 0x000001b492f2b000, 0x000001b492f2d800, 0x000001b492f27800,
0x000001b4975b9800, 0x000001b4975ba800, 0x000001b4975b4800, 0x000001b4975bb000,
0x000001b4975b5800, 0x000001b4975bc000, 0x000001b4975b8800, 0x000001b4975b6000,
0x000001b4975bd000, 0x000001b4975b7000, 0x000001b4975b8000, 0x000001b4975c0000,
0x000001b4975be800, 0x000001b4975c3800, 0x000001b4975c1000, 0x000001b4975bf000,
0x000001b4975c1800, 0x000001b4975c2800, 0x000001b4975bd800, 0x000001b495c5f800,
0x000001b495c61000, 0x000001b495c5d000, 0x000001b495c5e800, 0x000001b495c62000,
0x000001b495c5e000, 0x000001b495c60800, 0x000001b495c5c800, 0x000001b495c64800,
0x000001b495c63000, 0x000001b495c67800, 0x000001b495c66000, 0x000001b495c68800,
0x000001b495c67000, 0x000001b495c63800, 0x000001b495c69800, 0x000001b495c65800,
0x000001b495c6a000, 0x000001b495c6b000, 0x000001b493510000, 0x000001b493510800,
0x000001b493511800, 0x000001b493514800, 0x000001b493514000, 0x000001b493512800,
0x000001b493513000, 0x000001b49350f000, 0x000001b493516800, 0x000001b49351b800
}

Java Threads: ( => current thread )
  0x000001b4f1768000 JavaThread "main" [_thread_blocked, id=17428, stack(0x000000205cd00000,0x000000205ce00000)]
  0x000001b4ff43d800 JavaThread "Reference Handler" daemon [_thread_blocked, id=6128, stack(0x000000205d400000,0x000000205d500000)]
  0x000001b4ff44b000 JavaThread "Finalizer" daemon [_thread_blocked, id=17036, stack(0x000000205d500000,0x000000205d600000)]
  0x000001b4ff4a1000 JavaThread "Signal Dispatcher" daemon [_thread_blocked, id=17276, stack(0x000000205d600000,0x000000205d700000)]
  0x000001b4ff4a2000 JavaThread "Attach Listener" daemon [_thread_blocked, id=10760, stack(0x000000205d700000,0x000000205d800000)]
=>0x000001b4ff4a4000 JavaThread "C2 CompilerThread0" daemon [_thread_in_native, id=5064, stack(0x000000205d800000,0x000000205d900000)]
  0x000001b4ff4aa800 JavaThread "C1 CompilerThread0" daemon [_thread_blocked, id=18404, stack(0x000000205d900000,0x000000205da00000)]
  0x000001b4ff4ab800 JavaThread "Sweeper thread" daemon [_thread_blocked, id=14256, stack(0x000000205da00000,0x000000205db00000)]
  0x000001b49115b800 JavaThread "Common-Cleaner" daemon [_thread_blocked, id=12568, stack(0x000000205db00000,0x000000205dc00000)]
  0x000001b491171000 JavaThread "Service Thread" daemon [_thread_blocked, id=15608, stack(0x000000205dc00000,0x000000205dd00000)]
  0x000001b4923e8000 JavaThread "Daemon health stats" [_thread_blocked, id=5560, stack(0x000000205df00000,0x000000205e000000)]
  0x000001b49295c800 JavaThread "Incoming local TCP Connector on port 59686" [_thread_in_native, id=15980, stack(0x000000205e000000,0x000000205e100000)]
  0x000001b492bbf000 JavaThread "Daemon periodic checks" [_thread_blocked, id=15152, stack(0x000000205e100000,0x000000205e200000)]
  0x000001b492d42000 JavaThread "Daemon" [_thread_blocked, id=16512, stack(0x000000205e200000,0x000000205e300000)]
  0x000001b492d43000 JavaThread "Handler for socket connection from /127.0.0.1:59686 to /127.0.0.1:59687" [_thread_in_native, id=7824, stack(0x000000205e300000,0x000000205e400000)]
  0x000001b4914d7800 JavaThread "Cancel handler" [_thread_blocked, id=16572, stack(0x000000205e400000,0x000000205e500000)]
  0x000001b491996000 JavaThread "Daemon worker" [_thread_blocked, id=8980, stack(0x000000205e500000,0x000000205e600000)]
  0x000001b49205a800 JavaThread "Asynchronous log dispatcher for DefaultDaemonConnection: socket connection from /127.0.0.1:59686 to /127.0.0.1:59687" [_thread_blocked, id=4480, stack(0x000000205e600000,0x000000205e700000)]
  0x000001b49200d800 JavaThread "Daemon client event forwarder" [_thread_blocked, id=17040, stack(0x000000205e800000,0x000000205e900000)]
  0x000001b491ab5000 JavaThread "Cache worker for journal cache (C:\Users\mathana\.gradle\caches\journal-1)" [_thread_blocked, id=11692, stack(0x000000205e900000,0x000000205ea00000)]
  0x000001b491ab6000 JavaThread "File lock request listener" [_thread_in_native, id=18688, stack(0x000000205ea00000,0x000000205eb00000)]
  0x000001b491ab6800 JavaThread "Cache worker for file hash cache (C:\Users\mathana\.gradle\caches\8.0.1\fileHashes)" [_thread_blocked, id=12676, stack(0x000000205f200000,0x000000205f300000)]
  0x000001b491ab2800 JavaThread "File watcher server" daemon [_thread_in_native, id=7008, stack(0x000000205f300000,0x000000205f400000)]
  0x000001b491ab1000 JavaThread "File watcher consumer" daemon [_thread_blocked, id=14004, stack(0x000000205f400000,0x000000205f500000)]
  0x000001b491ab7800 JavaThread "Cache worker for checksums cache (E:\React Native apps\my githup\Market_Mathana\android\.gradle\8.0.1\checksums)" [_thread_blocked, id=2152, stack(0x000000205f500000,0x000000205f600000)]
  0x000001b491ab1800 JavaThread "Cache worker for cache directory md-rule (C:\Users\mathana\.gradle\caches\8.0.1\md-rule)" [_thread_blocked, id=17060, stack(0x000000205f600000,0x000000205f700000)]
  0x000001b491ab3800 JavaThread "Cache worker for file content cache (C:\Users\mathana\.gradle\caches\8.0.1\fileContent)" [_thread_blocked, id=11584, stack(0x000000205f700000,0x000000205f800000)]
  0x000001b491ab4000 JavaThread "Cache worker for file hash cache (E:\React Native apps\my githup\Market_Mathana\android\.gradle\8.0.1\fileHashes)" [_thread_blocked, id=9332, stack(0x000000205f800000,0x000000205f900000)]
  0x000001b4931cf800 JavaThread "Cache worker for cache directory md-supplier (C:\Users\mathana\.gradle\caches\8.0.1\md-supplier)" [_thread_blocked, id=16908, stack(0x000000205f900000,0x000000205fa00000)]
  0x000001b4931ce800 JavaThread "Cache worker for execution history cache (C:\Users\mathana\.gradle\caches\8.0.1\executionHistory)" [_thread_blocked, id=3104, stack(0x000000205fa00000,0x000000205fb00000)]
  0x000001b4931cb000 JavaThread "jar transforms" [_thread_blocked, id=6332, stack(0x000000205fb00000,0x000000205fc00000)]
  0x000001b4931cd000 JavaThread "jar transforms Thread 2" [_thread_blocked, id=4080, stack(0x000000205fc00000,0x000000205fd00000)]
  0x000001b4931c9800 JavaThread "jar transforms Thread 3" [_thread_blocked, id=14376, stack(0x000000205fd00000,0x000000205fe00000)]
  0x000001b4931ca800 JavaThread "jar transforms Thread 4" [_thread_blocked, id=17816, stack(0x000000205fe00000,0x000000205ff00000)]
  0x000001b4931d1800 JavaThread "Cache worker for kotlin-dsl (C:\Users\mathana\.gradle\caches\8.0.1\kotlin-dsl)" [_thread_blocked, id=14648, stack(0x000000205ca00000,0x000000205cb00000)]
  0x000001b4931d2800 JavaThread "jar transforms Thread 5" [_thread_blocked, id=8984, stack(0x000000205cb00000,0x000000205cc00000)]
  0x000001b4931d3800 JavaThread "jar transforms Thread 6" [_thread_blocked, id=3540, stack(0x000000205cc00000,0x000000205cd00000)]
  0x000001b4931cd800 JavaThread "Cache worker for dependencies-accessors (E:\React Native apps\my githup\Market_Mathana\android\.gradle\8.0.1\dependencies-accessors)" [_thread_blocked, id=15664, stack(0x000000205e700000,0x000000205e800000)]
  0x000001b4931d6000 JavaThread "Cache worker for Build Output Cleanup Cache (E:\React Native apps\my githup\Market_Mathana\node_modules\@react-native\gradle-plugin\.gradle\buildOutputCleanup)" [_thread_blocked, id=8620, stack(0x0000002060100000,0x0000002060200000)]
  0x000001b4931d0000 JavaThread "jar transforms Thread 7" [_thread_blocked, id=4552, stack(0x0000002060200000,0x0000002060300000)]
  0x000001b4931d4000 JavaThread "Unconstrained build operations" [_thread_blocked, id=8776, stack(0x0000002060300000,0x0000002060400000)]
  0x000001b4931d5000 JavaThread "Unconstrained build operations Thread 2" [_thread_blocked, id=3556, stack(0x0000002060400000,0x0000002060500000)]
  0x000001b4931d6800 JavaThread "Unconstrained build operations Thread 3" [_thread_blocked, id=9060, stack(0x0000002060500000,0x0000002060600000)]
  0x000001b4931d1000 JavaThread "Unconstrained build operations Thread 4" [_thread_blocked, id=13260, stack(0x0000002060600000,0x0000002060700000)]
  0x000001b4931d8800 JavaThread "Unconstrained build operations Thread 5" [_thread_blocked, id=18000, stack(0x0000002060700000,0x0000002060800000)]
  0x000001b4931d7800 JavaThread "Unconstrained build operations Thread 6" [_thread_blocked, id=5292, stack(0x0000002060800000,0x0000002060900000)]
  0x000001b495907800 JavaThread "Unconstrained build operations Thread 7" [_thread_blocked, id=14008, stack(0x0000002060900000,0x0000002060a00000)]
  0x000001b495904800 JavaThread "Unconstrained build operations Thread 8" [_thread_blocked, id=16380, stack(0x0000002060a00000,0x0000002060b00000)]
  0x000001b495909000 JavaThread "Unconstrained build operations Thread 9" [_thread_blocked, id=14452, stack(0x0000002060b00000,0x0000002060c00000)]
  0x000001b49590a000 JavaThread "Unconstrained build operations Thread 10" [_thread_blocked, id=12300, stack(0x0000002060c00000,0x0000002060d00000)]
  0x000001b495908800 JavaThread "Unconstrained build operations Thread 11" [_thread_blocked, id=17076, stack(0x0000002060d00000,0x0000002060e00000)]
  0x000001b495905000 JavaThread "Unconstrained build operations Thread 12" [_thread_blocked, id=10292, stack(0x0000002060e00000,0x0000002060f00000)]
  0x000001b495906800 JavaThread "Unconstrained build operations Thread 13" [_thread_blocked, id=12860, stack(0x0000002060f00000,0x0000002061000000)]
  0x000001b49590b000 JavaThread "Unconstrained build operations Thread 14" [_thread_blocked, id=16400, stack(0x0000002061000000,0x0000002061100000)]
  0x000001b49590b800 JavaThread "Unconstrained build operations Thread 15" [_thread_blocked, id=5672, stack(0x0000002061100000,0x0000002061200000)]
  0x000001b495906000 JavaThread "Unconstrained build operations Thread 16" [_thread_blocked, id=9560, stack(0x0000002061200000,0x0000002061300000)]
  0x000001b49590e000 JavaThread "Unconstrained build operations Thread 17" [_thread_blocked, id=5208, stack(0x0000002061300000,0x0000002061400000)]
  0x000001b495912000 JavaThread "Unconstrained build operations Thread 18" [_thread_blocked, id=12876, stack(0x0000002061400000,0x0000002061500000)]
  0x000001b49590f800 JavaThread "Unconstrained build operations Thread 19" [_thread_blocked, id=10968, stack(0x0000002061500000,0x0000002061600000)]
  0x000001b49590c800 JavaThread "Unconstrained build operations Thread 20" [_thread_blocked, id=5452, stack(0x0000002061600000,0x0000002061700000)]
  0x000001b495913000 JavaThread "Unconstrained build operations Thread 21" [_thread_blocked, id=9400, stack(0x0000002061700000,0x0000002061800000)]
  0x000001b49590f000 JavaThread "Unconstrained build operations Thread 22" [_thread_blocked, id=13336, stack(0x0000002061800000,0x0000002061900000)]
  0x000001b495910800 JavaThread "Unconstrained build operations Thread 23" [_thread_blocked, id=17232, stack(0x0000002061900000,0x0000002061a00000)]
  0x000001b495911800 JavaThread "Unconstrained build operations Thread 24" [_thread_blocked, id=9368, stack(0x0000002061a00000,0x0000002061b00000)]
  0x000001b49590d800 JavaThread "Unconstrained build operations Thread 25" [_thread_blocked, id=408, stack(0x0000002061b00000,0x0000002061c00000)]
  0x000001b492f22000 JavaThread "Unconstrained build operations Thread 26" [_thread_blocked, id=14076, stack(0x0000002061c00000,0x0000002061d00000)]
  0x000001b492f20800 JavaThread "jar transforms Thread 8" [_thread_blocked, id=2408, stack(0x0000002061d00000,0x0000002061e00000)]
  0x000001b492f1e800 JavaThread "Memory manager" [_thread_blocked, id=19312, stack(0x0000002061e00000,0x0000002061f00000)]
  0x000001b492f1f800 JavaThread "Cache worker for Build Output Cleanup Cache (E:\React Native apps\my githup\Market_Mathana\android\.gradle\buildOutputCleanup)" [_thread_blocked, id=6072, stack(0x0000002061f00000,0x0000002062000000)]
  0x000001b492f22800 JavaThread "included builds" [_thread_blocked, id=8956, stack(0x0000002062000000,0x0000002062100000)]
  0x000001b492f23800 JavaThread "Execution worker" [_thread_blocked, id=17380, stack(0x0000002062100000,0x0000002062200000)]
  0x000001b492f25000 JavaThread "Execution worker Thread 2" [_thread_blocked, id=13104, stack(0x0000002062200000,0x0000002062300000)]
  0x000001b492f27000 JavaThread "Execution worker Thread 3" [_thread_blocked, id=12448, stack(0x0000002062300000,0x0000002062400000)]
  0x000001b492f24800 JavaThread "Execution worker Thread 4" [_thread_blocked, id=8672, stack(0x0000002062400000,0x0000002062500000)]
  0x000001b492f26000 JavaThread "Execution worker Thread 5" [_thread_blocked, id=11376, stack(0x0000002062500000,0x0000002062600000)]
  0x000001b492f21000 JavaThread "Execution worker Thread 6" [_thread_blocked, id=12400, stack(0x0000002062600000,0x0000002062700000)]
  0x000001b492f28800 JavaThread "Execution worker Thread 7" [_thread_blocked, id=8816, stack(0x0000002062700000,0x0000002062800000)]
  0x000001b492f29800 JavaThread "Cache worker for execution history cache (E:\React Native apps\my githup\Market_Mathana\node_modules\@react-native\gradle-plugin\.gradle\8.0.1\executionHistory)" [_thread_blocked, id=12552, stack(0x0000002062800000,0x0000002062900000)]
  0x000001b492f2b800 JavaThread "Unconstrained build operations Thread 27" [_thread_blocked, id=11596, stack(0x0000002062900000,0x0000002062a00000)]
  0x000001b492f2c800 JavaThread "Unconstrained build operations Thread 28" [_thread_blocked, id=9292, stack(0x0000002062a00000,0x0000002062b00000)]
  0x000001b492f2a000 JavaThread "Unconstrained build operations Thread 29" [_thread_blocked, id=15632, stack(0x0000002062b00000,0x0000002062c00000)]
  0x000001b492f2b000 JavaThread "Unconstrained build operations Thread 30" [_thread_blocked, id=16388, stack(0x0000002062c00000,0x0000002062d00000)]
  0x000001b492f2d800 JavaThread "Unconstrained build operations Thread 31" [_thread_blocked, id=14508, stack(0x0000002062d00000,0x0000002062e00000)]
  0x000001b492f27800 JavaThread "Unconstrained build operations Thread 32" [_thread_blocked, id=7004, stack(0x0000002062e00000,0x0000002062f00000)]
  0x000001b4975b9800 JavaThread "Unconstrained build operations Thread 33" [_thread_blocked, id=5384, stack(0x0000002062f00000,0x0000002063000000)]
  0x000001b4975ba800 JavaThread "Unconstrained build operations Thread 34" [_thread_blocked, id=6780, stack(0x0000002063000000,0x0000002063100000)]
  0x000001b4975b4800 JavaThread "Unconstrained build operations Thread 35" [_thread_blocked, id=3532, stack(0x0000002063100000,0x0000002063200000)]
  0x000001b4975bb000 JavaThread "Unconstrained build operations Thread 36" [_thread_blocked, id=17348, stack(0x0000002063200000,0x0000002063300000)]
  0x000001b4975b5800 JavaThread "Unconstrained build operations Thread 37" [_thread_blocked, id=2936, stack(0x0000002063300000,0x0000002063400000)]
  0x000001b4975bc000 JavaThread "Unconstrained build operations Thread 38" [_thread_blocked, id=14012, stack(0x0000002063400000,0x0000002063500000)]
  0x000001b4975b8800 JavaThread "Unconstrained build operations Thread 39" [_thread_blocked, id=9008, stack(0x0000002063500000,0x0000002063600000)]
  0x000001b4975b6000 JavaThread "Unconstrained build operations Thread 40" [_thread_blocked, id=14160, stack(0x0000002063600000,0x0000002063700000)]
  0x000001b4975bd000 JavaThread "Unconstrained build operations Thread 41" [_thread_blocked, id=12820, stack(0x0000002063700000,0x0000002063800000)]
  0x000001b4975b7000 JavaThread "Unconstrained build operations Thread 42" [_thread_blocked, id=5264, stack(0x0000002063800000,0x0000002063900000)]
  0x000001b4975b8000 JavaThread "Unconstrained build operations Thread 43" [_thread_blocked, id=8576, stack(0x0000002063900000,0x0000002063a00000)]
  0x000001b4975c0000 JavaThread "Unconstrained build operations Thread 44" [_thread_blocked, id=19124, stack(0x0000002063a00000,0x0000002063b00000)]
  0x000001b4975be800 JavaThread "Unconstrained build operations Thread 45" [_thread_blocked, id=17924, stack(0x0000002063b00000,0x0000002063c00000)]
  0x000001b4975c3800 JavaThread "Unconstrained build operations Thread 46" [_thread_blocked, id=15308, stack(0x0000002063c00000,0x0000002063d00000)]
  0x000001b4975c1000 JavaThread "Unconstrained build operations Thread 47" [_thread_blocked, id=18056, stack(0x0000002063d00000,0x0000002063e00000)]
  0x000001b4975bf000 JavaThread "Unconstrained build operations Thread 48" [_thread_blocked, id=13892, stack(0x0000002063e00000,0x0000002063f00000)]
  0x000001b4975c1800 JavaThread "Unconstrained build operations Thread 49" [_thread_blocked, id=3184, stack(0x0000002063f00000,0x0000002064000000)]
  0x000001b4975c2800 JavaThread "Unconstrained build operations Thread 50" [_thread_blocked, id=10416, stack(0x0000002064000000,0x0000002064100000)]
  0x000001b4975bd800 JavaThread "Unconstrained build operations Thread 51" [_thread_blocked, id=19320, stack(0x0000002064100000,0x0000002064200000)]
  0x000001b495c5f800 JavaThread "Unconstrained build operations Thread 52" [_thread_blocked, id=10796, stack(0x0000002064200000,0x0000002064300000)]
  0x000001b495c61000 JavaThread "Unconstrained build operations Thread 53" [_thread_blocked, id=8848, stack(0x0000002064300000,0x0000002064400000)]
  0x000001b495c5d000 JavaThread "Unconstrained build operations Thread 54" [_thread_blocked, id=14108, stack(0x0000002064400000,0x0000002064500000)]
  0x000001b495c5e800 JavaThread "Unconstrained build operations Thread 55" [_thread_blocked, id=15160, stack(0x0000002064500000,0x0000002064600000)]
  0x000001b495c62000 JavaThread "Unconstrained build operations Thread 56" [_thread_blocked, id=9872, stack(0x0000002064600000,0x0000002064700000)]
  0x000001b495c5e000 JavaThread "Unconstrained build operations Thread 57" [_thread_blocked, id=8568, stack(0x0000002064700000,0x0000002064800000)]
  0x000001b495c60800 JavaThread "Unconstrained build operations Thread 58" [_thread_blocked, id=16000, stack(0x0000002064800000,0x0000002064900000)]
  0x000001b495c5c800 JavaThread "Unconstrained build operations Thread 59" [_thread_blocked, id=18160, stack(0x0000002064900000,0x0000002064a00000)]
  0x000001b495c64800 JavaThread "Unconstrained build operations Thread 60" [_thread_blocked, id=6288, stack(0x0000002064a00000,0x0000002064b00000)]
  0x000001b495c63000 JavaThread "Unconstrained build operations Thread 61" [_thread_blocked, id=8224, stack(0x0000002064b00000,0x0000002064c00000)]
  0x000001b495c67800 JavaThread "Unconstrained build operations Thread 62" [_thread_blocked, id=17868, stack(0x0000002064c00000,0x0000002064d00000)]
  0x000001b495c66000 JavaThread "Unconstrained build operations Thread 63" [_thread_blocked, id=8316, stack(0x0000002064d00000,0x0000002064e00000)]
  0x000001b495c68800 JavaThread "Unconstrained build operations Thread 64" [_thread_blocked, id=13192, stack(0x0000002064e00000,0x0000002064f00000)]
  0x000001b495c67000 JavaThread "Unconstrained build operations Thread 65" [_thread_blocked, id=18988, stack(0x0000002064f00000,0x0000002065000000)]
  0x000001b495c63800 JavaThread "Unconstrained build operations Thread 66" [_thread_blocked, id=11396, stack(0x0000002065000000,0x0000002065100000)]
  0x000001b495c69800 JavaThread "Unconstrained build operations Thread 67" [_thread_blocked, id=2268, stack(0x0000002065100000,0x0000002065200000)]
  0x000001b495c65800 JavaThread "Unconstrained build operations Thread 68" [_thread_blocked, id=16544, stack(0x0000002065200000,0x0000002065300000)]
  0x000001b495c6a000 JavaThread "Unconstrained build operations Thread 69" [_thread_blocked, id=12468, stack(0x0000002065300000,0x0000002065400000)]
  0x000001b495c6b000 JavaThread "Unconstrained build operations Thread 70" [_thread_blocked, id=10356, stack(0x0000002065400000,0x0000002065500000)]
  0x000001b493510000 JavaThread "Unconstrained build operations Thread 71" [_thread_blocked, id=19016, stack(0x0000002065500000,0x0000002065600000)]
  0x000001b493510800 JavaThread "Unconstrained build operations Thread 72" [_thread_blocked, id=3936, stack(0x0000002065600000,0x0000002065700000)]
  0x000001b493511800 JavaThread "Unconstrained build operations Thread 73" [_thread_blocked, id=19360, stack(0x0000002065700000,0x0000002065800000)]
  0x000001b493514800 JavaThread "Unconstrained build operations Thread 74" [_thread_blocked, id=13768, stack(0x0000002065800000,0x0000002065900000)]
  0x000001b493514000 JavaThread "Unconstrained build operations Thread 75" [_thread_blocked, id=7960, stack(0x0000002065900000,0x0000002065a00000)]
  0x000001b493512800 JavaThread "Unconstrained build operations Thread 76" [_thread_blocked, id=18948, stack(0x0000002065a00000,0x0000002065b00000)]
  0x000001b493513000 JavaThread "Unconstrained build operations Thread 77" [_thread_blocked, id=17576, stack(0x0000002065b00000,0x0000002065c00000)]
  0x000001b49350f000 JavaThread "Unconstrained build operations Thread 78" [_thread_blocked, id=4796, stack(0x0000002065c00000,0x0000002065d00000)]
  0x000001b493516800 JavaThread "Unconstrained build operations Thread 79" [_thread_blocked, id=16268, stack(0x0000002065d00000,0x0000002065e00000)]
  0x000001b49351b800 JavaThread "Unconstrained build operations Thread 80" [_thread_blocked, id=16252, stack(0x0000002065e00000,0x0000002065f00000)]

Other Threads:
  0x000001b4ff43a800 VMThread "VM Thread" [stack: 0x000000205d300000,0x000000205d400000] [id=10900]
  0x000001b4911a2800 WatcherThread [stack: 0x000000205dd00000,0x000000205de00000] [id=13464]
  0x000001b4f177f800 GCTaskThread "GC Thread#0" [stack: 0x000000205ce00000,0x000000205cf00000] [id=15736]
  0x000001b491ca2000 GCTaskThread "GC Thread#1" [stack: 0x000000205de00000,0x000000205df00000] [id=2956]
  0x000001b49130a800 GCTaskThread "GC Thread#2" [stack: 0x000000205eb00000,0x000000205ec00000] [id=12412]
  0x000001b492196800 GCTaskThread "GC Thread#3" [stack: 0x000000205ec00000,0x000000205ed00000] [id=8372]
  0x000001b491e89000 GCTaskThread "GC Thread#4" [stack: 0x000000205ed00000,0x000000205ee00000] [id=16804]
  0x000001b491ad4000 GCTaskThread "GC Thread#5" [stack: 0x000000205ee00000,0x000000205ef00000] [id=18912]
  0x000001b491a91800 GCTaskThread "GC Thread#6" [stack: 0x000000205ef00000,0x000000205f000000] [id=19136]
  0x000001b491f65000 GCTaskThread "GC Thread#7" [stack: 0x000000205f000000,0x000000205f100000] [id=9416]
  0x000001b4f17b0000 ConcurrentGCThread "G1 Main Marker" [stack: 0x000000205cf00000,0x000000205d000000] [id=6668]
  0x000001b4f17b2800 ConcurrentGCThread "G1 Conc#0" [stack: 0x000000205d000000,0x000000205d100000] [id=16440]
  0x000001b4929d4000 ConcurrentGCThread "G1 Conc#1" [stack: 0x000000205f100000,0x000000205f200000] [id=17004]
  0x000001b4f1836800 ConcurrentGCThread "G1 Refine#0" [stack: 0x000000205d100000,0x000000205d200000] [id=15648]
  0x000001b4f1837800 ConcurrentGCThread "G1 Young RemSet Sampling" [stack: 0x000000205d200000,0x000000205d300000] [id=12856]

Threads with active compile tasks:
C2 CompilerThread08380 % !   4       java.util.jar.Attributes::read @ 185 (388 bytes)

VM state:at safepoint (normal execution)

VM Mutex/Monitor currently owned by a thread:  ([mutex/lock_event])
[0x000001b4f1763920] Threads_lock - owner thread: 0x000001b4ff43a800
[0x000001b4f1765270] Heap_lock - owner thread: 0x000001b491996000

Heap address: 0x0000000080000000, size: 2048 MB, Compressed Oops mode: 32-bit
Narrow klass base: 0x0000000000000000, Narrow klass shift: 3
Compressed class space size: 528482304 Address: 0x0000000100000000

Heap:
 garbage-first heap   total 118784K, used 79850K [0x0000000080000000, 0x0000000100000000)
  region size 1024K, 1 young (1024K), 1 survivors (1024K)
 Metaspace       used 80152K, capacity 82469K, committed 82640K, reserved 587776K
  class space    used 10407K, capacity 11367K, committed 11392K, reserved 516096K
Heap Regions: E=young(eden), S=young(survivor), O=old, HS=humongous(starts), HC=humongous(continues), CS=collection set, F=free, A=archive, TAMS=top-at-mark-start (previous, next)
|   0|0x0000000080000000, 0x0000000080100000, 0x0000000080100000|100%|HS|  |TAMS 0x0000000080100000, 0x0000000080000000| Complete 
|   1|0x0000000080100000, 0x0000000080200000, 0x0000000080200000|100%|HC|  |TAMS 0x0000000080200000, 0x0000000080100000| Complete 
|   2|0x0000000080200000, 0x0000000080300000, 0x0000000080300000|100%|HC|  |TAMS 0x0000000080300000, 0x0000000080200000| Complete 
|   3|0x0000000080300000, 0x0000000080400000, 0x0000000080400000|100%|HC|  |TAMS 0x0000000080400000, 0x0000000080300000| Complete 
|   4|0x0000000080400000, 0x0000000080500000, 0x0000000080500000|100%| O|  |TAMS 0x0000000080500000, 0x0000000080400000| Updating 
|   5|0x0000000080500000, 0x0000000080600000, 0x0000000080600000|100%| O|  |TAMS 0x0000000080600000, 0x0000000080500000| Updating 
|   6|0x0000000080600000, 0x0000000080700000, 0x0000000080700000|100%| O|  |TAMS 0x0000000080700000, 0x0000000080600000| Updating 
|   7|0x0000000080700000, 0x0000000080800000, 0x0000000080800000|100%| O|  |TAMS 0x0000000080800000, 0x0000000080700000| Updating 
|   8|0x0000000080800000, 0x0000000080900000, 0x0000000080900000|100%| O|  |TAMS 0x0000000080900000, 0x0000000080800000| Updating 
|   9|0x0000000080900000, 0x0000000080a00000, 0x0000000080a00000|100%| O|  |TAMS 0x0000000080a00000, 0x0000000080900000| Updating 
|  10|0x0000000080a00000, 0x0000000080b00000, 0x0000000080b00000|100%| O|  |TAMS 0x0000000080b00000, 0x0000000080a00000| Updating 
|  11|0x0000000080b00000, 0x0000000080c00000, 0x0000000080c00000|100%| O|  |TAMS 0x0000000080c00000, 0x0000000080b00000| Updating 
|  12|0x0000000080c00000, 0x0000000080d00000, 0x0000000080d00000|100%| O|  |TAMS 0x0000000080d00000, 0x0000000080c00000| Updating 
|  13|0x0000000080d00000, 0x0000000080e00000, 0x0000000080e00000|100%| O|  |TAMS 0x0000000080e00000, 0x0000000080d00000| Updating 
|  14|0x0000000080e00000, 0x0000000080f00000, 0x0000000080f00000|100%| O|  |TAMS 0x0000000080f00000, 0x0000000080e00000| Updating 
|  15|0x0000000080f00000, 0x0000000081000000, 0x0000000081000000|100%| O|  |TAMS 0x0000000081000000, 0x0000000080f00000| Updating 
|  16|0x0000000081000000, 0x0000000081100000, 0x0000000081100000|100%| O|  |TAMS 0x0000000081100000, 0x0000000081000000| Updating 
|  17|0x0000000081100000, 0x0000000081200000, 0x0000000081200000|100%| O|  |TAMS 0x0000000081200000, 0x0000000081100000| Updating 
|  18|0x0000000081200000, 0x0000000081300000, 0x0000000081300000|100%| O|  |TAMS 0x0000000081300000, 0x0000000081200000| Updating 
|  19|0x0000000081300000, 0x0000000081400000, 0x0000000081400000|100%| O|  |TAMS 0x0000000081400000, 0x0000000081300000| Updating 
|  20|0x0000000081400000, 0x0000000081500000, 0x0000000081500000|100%| O|  |TAMS 0x0000000081500000, 0x0000000081400000| Updating 
|  21|0x0000000081500000, 0x0000000081600000, 0x0000000081600000|100%| O|  |TAMS 0x0000000081600000, 0x0000000081500000| Updating 
|  22|0x0000000081600000, 0x0000000081700000, 0x0000000081700000|100%| O|  |TAMS 0x0000000081700000, 0x0000000081600000| Updating 
|  23|0x0000000081700000, 0x0000000081800000, 0x0000000081800000|100%| O|  |TAMS 0x0000000081800000, 0x0000000081700000| Updating 
|  24|0x0000000081800000, 0x0000000081900000, 0x0000000081900000|100%| O|  |TAMS 0x0000000081900000, 0x0000000081800000| Updating 
|  25|0x0000000081900000, 0x0000000081a00000, 0x0000000081a00000|100%| O|  |TAMS 0x0000000081a00000, 0x0000000081900000| Updating 
|  26|0x0000000081a00000, 0x0000000081b00000, 0x0000000081b00000|100%| O|  |TAMS 0x0000000081b00000, 0x0000000081a00000| Updating 
|  27|0x0000000081b00000, 0x0000000081c00000, 0x0000000081c00000|100%| O|  |TAMS 0x0000000081c00000, 0x0000000081b00000| Updating 
|  28|0x0000000081c00000, 0x0000000081d00000, 0x0000000081d00000|100%| O|  |TAMS 0x0000000081d00000, 0x0000000081c00000| Updating 
|  29|0x0000000081d00000, 0x0000000081e00000, 0x0000000081e00000|100%| O|  |TAMS 0x0000000081e00000, 0x0000000081d00000| Updating 
|  30|0x0000000081e00000, 0x0000000081f00000, 0x0000000081f00000|100%| O|  |TAMS 0x0000000081f00000, 0x0000000081e00000| Updating 
|  31|0x0000000081f00000, 0x0000000082000000, 0x0000000082000000|100%| O|  |TAMS 0x0000000082000000, 0x0000000081f00000| Updating 
|  32|0x0000000082000000, 0x0000000082100000, 0x0000000082100000|100%| O|  |TAMS 0x0000000082100000, 0x0000000082000000| Updating 
|  33|0x0000000082100000, 0x0000000082200000, 0x0000000082200000|100%|HS|  |TAMS 0x0000000082200000, 0x0000000082100000| Complete 
|  34|0x0000000082200000, 0x0000000082300000, 0x0000000082300000|100%|HC|  |TAMS 0x0000000082300000, 0x0000000082200000| Complete 
|  35|0x0000000082300000, 0x0000000082400000, 0x0000000082400000|100%|HS|  |TAMS 0x0000000082400000, 0x0000000082300000| Complete 
|  36|0x0000000082400000, 0x0000000082500000, 0x0000000082500000|100%|HC|  |TAMS 0x0000000082500000, 0x0000000082400000| Complete 
|  37|0x0000000082500000, 0x0000000082600000, 0x0000000082600000|100%|HC|  |TAMS 0x0000000082600000, 0x0000000082500000| Complete 
|  38|0x0000000082600000, 0x0000000082700000, 0x0000000082700000|100%|HC|  |TAMS 0x0000000082700000, 0x0000000082600000| Complete 
|  39|0x0000000082700000, 0x0000000082800000, 0x0000000082800000|100%| O|  |TAMS 0x0000000082800000, 0x0000000082700000| Updating 
|  40|0x0000000082800000, 0x0000000082900000, 0x0000000082900000|100%| O|  |TAMS 0x0000000082900000, 0x0000000082800000| Updating 
|  41|0x0000000082900000, 0x0000000082a00000, 0x0000000082a00000|100%| O|  |TAMS 0x0000000082a00000, 0x0000000082900000| Updating 
|  42|0x0000000082a00000, 0x0000000082b00000, 0x0000000082b00000|100%| O|  |TAMS 0x0000000082b00000, 0x0000000082a00000| Updating 
|  43|0x0000000082b00000, 0x0000000082c00000, 0x0000000082c00000|100%| O|  |TAMS 0x0000000082c00000, 0x0000000082b00000| Updating 
|  44|0x0000000082c00000, 0x0000000082d00000, 0x0000000082d00000|100%| O|  |TAMS 0x0000000082d00000, 0x0000000082c00000| Updating 
|  45|0x0000000082d00000, 0x0000000082e00000, 0x0000000082e00000|100%| O|  |TAMS 0x0000000082e00000, 0x0000000082d00000| Updating 
|  46|0x0000000082e00000, 0x0000000082f00000, 0x0000000082f00000|100%| O|  |TAMS 0x0000000082f00000, 0x0000000082e00000| Updating 
|  47|0x0000000082f00000, 0x0000000083000000, 0x0000000083000000|100%| O|  |TAMS 0x0000000083000000, 0x0000000082f00000| Updating 
|  48|0x0000000083000000, 0x0000000083100000, 0x0000000083100000|100%| O|  |TAMS 0x0000000083100000, 0x0000000083000000| Updating 
|  49|0x0000000083100000, 0x0000000083200000, 0x0000000083200000|100%| O|  |TAMS 0x0000000083200000, 0x0000000083100000| Updating 
|  50|0x0000000083200000, 0x0000000083300000, 0x0000000083300000|100%| O|  |TAMS 0x0000000083300000, 0x0000000083200000| Updating 
|  51|0x0000000083300000, 0x0000000083400000, 0x0000000083400000|100%| O|  |TAMS 0x0000000083400000, 0x0000000083300000| Updating 
|  52|0x0000000083400000, 0x0000000083500000, 0x0000000083500000|100%| O|  |TAMS 0x0000000083500000, 0x0000000083400000| Updating 
|  53|0x0000000083500000, 0x0000000083600000, 0x0000000083600000|100%| O|  |TAMS 0x0000000083600000, 0x0000000083500000| Updating 
|  54|0x0000000083600000, 0x0000000083700000, 0x0000000083700000|100%| O|  |TAMS 0x0000000083700000, 0x0000000083600000| Updating 
|  55|0x0000000083700000, 0x0000000083800000, 0x0000000083800000|100%| O|  |TAMS 0x0000000083800000, 0x0000000083700000| Updating 
|  56|0x0000000083800000, 0x0000000083900000, 0x0000000083900000|100%|HS|  |TAMS 0x0000000083900000, 0x0000000083800000| Complete 
|  57|0x0000000083900000, 0x0000000083a00000, 0x0000000083a00000|100%| O|  |TAMS 0x0000000083a00000, 0x0000000083900000| Updating 
|  58|0x0000000083a00000, 0x0000000083b00000, 0x0000000083b00000|100%| O|  |TAMS 0x0000000083b00000, 0x0000000083a00000| Updating 
|  59|0x0000000083b00000, 0x0000000083c00000, 0x0000000083c00000|100%|HS|  |TAMS 0x0000000083c00000, 0x0000000083b00000| Complete 
|  60|0x0000000083c00000, 0x0000000083d00000, 0x0000000083d00000|100%| O|  |TAMS 0x0000000083d00000, 0x0000000083c00000| Updating 
|  61|0x0000000083d00000, 0x0000000083e00000, 0x0000000083e00000|100%| O|  |TAMS 0x0000000083e00000, 0x0000000083d00000| Updating 
|  62|0x0000000083e00000, 0x0000000083f00000, 0x0000000083f00000|100%| O|  |TAMS 0x0000000083f00000, 0x0000000083e00000| Updating 
|  63|0x0000000083f00000, 0x0000000084000000, 0x0000000084000000|100%| O|  |TAMS 0x0000000084000000, 0x0000000083f00000| Updating 
|  64|0x0000000084000000, 0x0000000084100000, 0x0000000084100000|100%| O|  |TAMS 0x0000000084100000, 0x0000000084000000| Updating 
|  65|0x0000000084100000, 0x0000000084200000, 0x0000000084200000|100%| O|  |TAMS 0x00000000841cc600, 0x0000000084100000| Updating 
|  66|0x0000000084200000, 0x0000000084300000, 0x0000000084300000|100%| O|  |TAMS 0x0000000084300000, 0x0000000084200000| Updating 
|  67|0x0000000084300000, 0x0000000084400000, 0x0000000084400000|100%| O|  |TAMS 0x0000000084400000, 0x0000000084300000| Updating 
|  68|0x0000000084400000, 0x0000000084500000, 0x0000000084500000|100%|HS|  |TAMS 0x0000000084400000, 0x0000000084400000| Complete 
|  69|0x0000000084500000, 0x0000000084500000, 0x0000000084600000|  0%| F|  |TAMS 0x0000000084500000, 0x0000000084500000| Untracked 
|  70|0x0000000084600000, 0x0000000084700000, 0x0000000084700000|100%|HS|  |TAMS 0x0000000084600000, 0x0000000084600000| Complete 
|  71|0x0000000084700000, 0x0000000084800000, 0x0000000084800000|100%|HS|  |TAMS 0x0000000084700000, 0x0000000084700000| Complete 
|  72|0x0000000084800000, 0x0000000084900000, 0x0000000084900000|100%|HS|  |TAMS 0x0000000084800000, 0x0000000084800000| Complete 
|  73|0x0000000084900000, 0x0000000084a00000, 0x0000000084a00000|100%| O|  |TAMS 0x0000000084900000, 0x0000000084900000| Untracked 
|  74|0x0000000084a00000, 0x0000000084b00000, 0x0000000084b00000|100%| O|  |TAMS 0x0000000084a00000, 0x0000000084a00000| Updating 
|  75|0x0000000084b00000, 0x0000000084c00000, 0x0000000084c00000|100%| O|  |TAMS 0x0000000084b00000, 0x0000000084b00000| Untracked 
|  76|0x0000000084c00000, 0x0000000084d00000, 0x0000000084d00000|100%| O|  |TAMS 0x0000000084c00000, 0x0000000084c00000| Untracked 
|  77|0x0000000084d00000, 0x0000000084dfa800, 0x0000000084e00000| 97%| O|  |TAMS 0x0000000084d00000, 0x0000000084d00000| Untracked 
|  78|0x0000000084e00000, 0x0000000084e00000, 0x0000000084f00000|  0%| F|  |TAMS 0x0000000084e00000, 0x0000000084e00000| Untracked 
|  79|0x0000000084f00000, 0x0000000084f00000, 0x0000000085000000|  0%| F|  |TAMS 0x0000000084f00000, 0x0000000084f00000| Untracked 
|  80|0x0000000085000000, 0x0000000085000000, 0x0000000085100000|  0%| F|  |TAMS 0x0000000085000000, 0x0000000085000000| Untracked 
|  81|0x0000000085100000, 0x0000000085100000, 0x0000000085200000|  0%| F|  |TAMS 0x0000000085100000, 0x0000000085100000| Untracked 
|  82|0x0000000085200000, 0x0000000085200000, 0x0000000085300000|  0%| F|  |TAMS 0x0000000085200000, 0x0000000085200000| Untracked 
|  83|0x0000000085300000, 0x0000000085300000, 0x0000000085400000|  0%| F|  |TAMS 0x0000000085300000, 0x0000000085300000| Untracked 
|  84|0x0000000085400000, 0x0000000085400000, 0x0000000085500000|  0%| F|  |TAMS 0x0000000085400000, 0x0000000085400000| Untracked 
|  85|0x0000000085500000, 0x0000000085500000, 0x0000000085600000|  0%| F|  |TAMS 0x0000000085500000, 0x0000000085500000| Untracked 
|  86|0x0000000085600000, 0x0000000085600000, 0x0000000085700000|  0%| F|  |TAMS 0x0000000085600000, 0x0000000085600000| Untracked 
|  87|0x0000000085700000, 0x0000000085700000, 0x0000000085800000|  0%| F|  |TAMS 0x0000000085700000, 0x0000000085700000| Untracked 
|  88|0x0000000085800000, 0x0000000085800000, 0x0000000085900000|  0%| F|  |TAMS 0x0000000085800000, 0x0000000085800000| Untracked 
|  89|0x0000000085900000, 0x0000000085a00000, 0x0000000085a00000|100%| S|CS|TAMS 0x0000000085900000, 0x0000000085900000| Complete 
|  90|0x0000000085a00000, 0x0000000085a00000, 0x0000000085b00000|  0%| F|  |TAMS 0x0000000085a00000, 0x0000000085a00000| Untracked 
|  91|0x0000000085b00000, 0x0000000085b00000, 0x0000000085c00000|  0%| F|  |TAMS 0x0000000085b00000, 0x0000000085b00000| Untracked 
|  92|0x0000000085c00000, 0x0000000085c00000, 0x0000000085d00000|  0%| F|  |TAMS 0x0000000085c00000, 0x0000000085c00000| Untracked 
|  93|0x0000000085d00000, 0x0000000085d00000, 0x0000000085e00000|  0%| F|  |TAMS 0x0000000085d00000, 0x0000000085d00000| Untracked 
|  94|0x0000000085e00000, 0x0000000085e00000, 0x0000000085f00000|  0%| F|  |TAMS 0x0000000085e00000, 0x0000000085e00000| Untracked 
|  95|0x0000000085f00000, 0x0000000085f00000, 0x0000000086000000|  0%| F|  |TAMS 0x0000000085f00000, 0x0000000085f00000| Untracked 

Card table byte_map: [0x000001b4fa230000,0x000001b4fa630000] _byte_map_base: 0x000001b4f9e30000

Marking Bits (Prev, Next): (CMBitMap*) 0x000001b4f17a7730, (CMBitMap*) 0x000001b4f17a76f8
 Prev Bits: [0x000001b4fca30000, 0x000001b4fea30000)
 Next Bits: [0x000001b4faa30000, 0x000001b4fca30000)

Polling page: 0x000001b4ef680000

Metaspace:

Usage:
  Non-class:     69.44 MB capacity,    68.11 MB ( 98%) used,     1.07 MB (  2%) free+waste,   256.63 KB ( <1%) overhead. 
      Class:     11.10 MB capacity,    10.16 MB ( 92%) used,   836.89 KB (  7%) free+waste,   122.44 KB (  1%) overhead. 
       Both:     80.54 MB capacity,    78.27 MB ( 97%) used,     1.89 MB (  2%) free+waste,   379.06 KB ( <1%) overhead. 

Virtual space:
  Non-class space:       70.00 MB reserved,      69.58 MB (>99%) committed 
      Class space:      504.00 MB reserved,      11.13 MB (  2%) committed 
             Both:      574.00 MB reserved,      80.70 MB ( 14%) committed 

Chunk freelists:
   Non-Class:  2.25 KB
       Class:  3.13 KB
        Both:  5.38 KB

CodeHeap 'non-profiled nmethods': size=120000Kb used=4350Kb max_used=4350Kb free=115649Kb
 bounds [0x000001b487ad0000, 0x000001b487f10000, 0x000001b48f000000]
CodeHeap 'profiled nmethods': size=120000Kb used=18070Kb max_used=18070Kb free=101929Kb
 bounds [0x000001b4805a0000, 0x000001b481750000, 0x000001b487ad0000]
CodeHeap 'non-nmethods': size=5760Kb used=2295Kb max_used=2339Kb free=3464Kb
 bounds [0x000001b480000000, 0x000001b480270000, 0x000001b4805a0000]
 total_blobs=10915 nmethods=8177 adapters=810
 compilation: enabled
              stopped_count=0, restarted_count=0
 full_count=0

Compilation events (10 events):
Event: 114.707 Thread 0x000001b4ff4aa800 nmethod 8467 0x000001b481727810 code [0x000001b481727a00, 0x000001b481727d90]
Event: 114.707 Thread 0x000001b4ff4aa800 8468       3       sun.security.util.DerInputStream::getLength (9 bytes)
Event: 114.707 Thread 0x000001b4ff4aa800 nmethod 8468 0x000001b481727f10 code [0x000001b4817280e0, 0x000001b481728320]
Event: 114.707 Thread 0x000001b4ff4aa800 8469       3       sun.security.util.IOUtils::readExactlyNBytes (53 bytes)
Event: 114.708 Thread 0x000001b4ff4aa800 nmethod 8469 0x000001b481728410 code [0x000001b4817286a0, 0x000001b481729120]
Event: 114.708 Thread 0x000001b4ff4aa800 8470       3       sun.security.util.ObjectIdentifier::hashCode (8 bytes)
Event: 114.708 Thread 0x000001b4ff4aa800 nmethod 8470 0x000001b481729510 code [0x000001b4817296c0, 0x000001b481729850]
Event: 114.709 Thread 0x000001b4ff4aa800 8471       3       java.security.Provider::checkInitialized (16 bytes)
Event: 114.709 Thread 0x000001b4ff4aa800 nmethod 8471 0x000001b481729910 code [0x000001b481729ae0, 0x000001b481729d30]
Event: 114.710 Thread 0x000001b4ff4aa800 8472       3       sun.security.util.DerValue::<init> (250 bytes)

GC Heap History (10 events):
Event: 112.948 GC heap before
{Heap before GC invocations=30 (full 0):
 garbage-first heap   total 98304K, used 75292K [0x0000000080000000, 0x0000000100000000)
  region size 1024K, 15 young (15360K), 3 survivors (3072K)
 Metaspace       used 74163K, capacity 76352K, committed 76624K, reserved 583680K
  class space    used 9763K, capacity 10720K, committed 10752K, reserved 516096K
}
Event: 112.953 GC heap after
{Heap after GC invocations=31 (full 0):
 garbage-first heap   total 98304K, used 65920K [0x0000000080000000, 0x0000000100000000)
  region size 1024K, 2 young (2048K), 2 survivors (2048K)
 Metaspace       used 74163K, capacity 76352K, committed 76624K, reserved 583680K
  class space    used 9763K, capacity 10720K, committed 10752K, reserved 516096K
}
Event: 113.362 GC heap before
{Heap before GC invocations=31 (full 0):
 garbage-first heap   total 98304K, used 76160K [0x0000000080000000, 0x0000000100000000)
  region size 1024K, 13 young (13312K), 2 survivors (2048K)
 Metaspace       used 75712K, capacity 78045K, committed 78288K, reserved 583680K
  class space    used 9929K, capacity 10873K, committed 10880K, reserved 516096K
}
Event: 113.366 GC heap after
{Heap after GC invocations=32 (full 0):
 garbage-first heap   total 98304K, used 66332K [0x0000000080000000, 0x0000000100000000)
  region size 1024K, 1 young (1024K), 1 survivors (1024K)
 Metaspace       used 75712K, capacity 78045K, committed 78288K, reserved 583680K
  class space    used 9929K, capacity 10873K, committed 10880K, reserved 516096K
}
Event: 113.741 GC heap before
{Heap before GC invocations=33 (full 0):
 garbage-first heap   total 98304K, used 77596K [0x0000000080000000, 0x0000000100000000)
  region size 1024K, 12 young (12288K), 1 survivors (1024K)
 Metaspace       used 77186K, capacity 79494K, committed 79824K, reserved 585728K
  class space    used 10084K, capacity 11036K, committed 11136K, reserved 516096K
}
Event: 113.745 GC heap after
{Heap after GC invocations=34 (full 0):
 garbage-first heap   total 98304K, used 66928K [0x0000000080000000, 0x0000000100000000)
  region size 1024K, 2 young (2048K), 2 survivors (2048K)
 Metaspace       used 77186K, capacity 79494K, committed 79824K, reserved 585728K
  class space    used 10084K, capacity 11036K, committed 11136K, reserved 516096K
}
Event: 113.844 GC heap before
{Heap before GC invocations=34 (full 0):
 garbage-first heap   total 98304K, used 68976K [0x0000000080000000, 0x0000000100000000)
  region size 1024K, 6 young (6144K), 2 survivors (2048K)
 Metaspace       used 77402K, capacity 79690K, committed 79824K, reserved 585728K
  class space    used 10100K, capacity 11037K, committed 11136K, reserved 516096K
}
Event: 113.850 GC heap after
{Heap after GC invocations=35 (full 0):
 garbage-first heap   total 98304K, used 68476K [0x0000000080000000, 0x0000000100000000)
  region size 1024K, 2 young (2048K), 2 survivors (2048K)
 Metaspace       used 77402K, capacity 79690K, committed 79824K, reserved 585728K
  class space    used 10100K, capacity 11037K, committed 11136K, reserved 516096K
}
Event: 114.310 GC heap before
{Heap before GC invocations=36 (full 0):
 garbage-first heap   total 98304K, used 79740K [0x0000000080000000, 0x0000000100000000)
  region size 1024K, 13 young (13312K), 2 survivors (2048K)
 Metaspace       used 78203K, capacity 80496K, committed 80592K, reserved 585728K
  class space    used 10180K, capacity 11135K, committed 11136K, reserved 516096K
}
Event: 114.315 GC heap after
{Heap after GC invocations=37 (full 0):
 garbage-first heap   total 98304K, used 69494K [0x0000000080000000, 0x0000000100000000)
  region size 1024K, 2 young (2048K), 2 survivors (2048K)
 Metaspace       used 78203K, capacity 80496K, committed 80592K, reserved 585728K
  class space    used 10180K, capacity 11135K, committed 11136K, reserved 516096K
}

Deoptimization events (10 events):
Event: 113.703 Thread 0x000001b491996000 Uncommon trap: reason=bimorphic_or_optimized_type_check action=maybe_recompile pc=0x000001b487e60c18 method=java.util.AbstractQueue.add(Ljava/lang/Object;)Z @ 2 c2
Event: 114.085 Thread 0x000001b491996000 Uncommon trap: reason=speculate_null_assert action=make_not_entrant pc=0x000001b487def7d4 method=jdk.internal.reflect.Reflection.filter([Ljava/lang/reflect/Member;[Ljava/lang/String;)[Ljava/lang/reflect/Member; @ 1 c2
Event: 114.476 Thread 0x000001b491996000 Uncommon trap: reason=unstable_if action=reinterpret pc=0x000001b487dbb2e0 method=java.util.jar.JarFile.maybeInstantiateVerifier()V @ 91 c2
Event: 114.491 Thread 0x000001b491996000 Uncommon trap: reason=unstable_if action=reinterpret pc=0x000001b487dc3d20 method=java.lang.ThreadLocal.get()Ljava/lang/Object; @ 11 c2
Event: 114.624 Thread 0x000001b491996000 Uncommon trap: reason=bimorphic_or_optimized_type_check action=maybe_recompile pc=0x000001b487dcb8a0 method=java.security.MessageDigest$Delegate.engineUpdate([BII)V @ 7 c2
Event: 114.625 Thread 0x000001b491996000 Uncommon trap: reason=intrinsic_or_type_checked_inlining action=make_not_entrant pc=0x000001b487e8cc58 method=java.util.ArrayList$SubList.toArray([Ljava/lang/Object;)[Ljava/lang/Object; @ 58 c2
Event: 114.642 Thread 0x000001b491996000 Uncommon trap: reason=unstable_if action=reinterpret pc=0x000001b487aea9e4 method=java.lang.StringUTF16.compress([CII)[B @ 13 c2
Event: 114.656 Thread 0x000001b491996000 Uncommon trap: reason=bimorphic_or_optimized_type_check action=maybe_recompile pc=0x000001b487dc7fec method=java.security.MessageDigest$Delegate.engineUpdate([BII)V @ 7 c2
Event: 114.665 Thread 0x000001b491996000 Uncommon trap: reason=bimorphic_or_optimized_type_check action=maybe_recompile pc=0x000001b487dcb8a0 method=java.security.MessageDigest$Delegate.engineUpdate([BII)V @ 7 c2
Event: 114.669 Thread 0x000001b491996000 Uncommon trap: reason=bimorphic_or_optimized_type_check action=maybe_recompile pc=0x000001b487dc7fec method=java.security.MessageDigest$Delegate.engineUpdate([BII)V @ 7 c2

Classes redefined (0 events):
No events

Internal exceptions (10 events):
Event: 112.648 Thread 0x000001b491996000 Exception <a 'java/security/PrivilegedActionException'{0x0000000085510fd8}> (0x0000000085510fd8) thrown at [t:/workspace/open/src/hotspot/share/prims/jvm.cpp, line 1296]
Event: 112.649 Thread 0x000001b491996000 Exception <a 'java/security/PrivilegedActionException'{0x00000000855141b0}> (0x00000000855141b0) thrown at [t:/workspace/open/src/hotspot/share/prims/jvm.cpp, line 1296]
Event: 112.649 Thread 0x000001b491996000 Exception <a 'java/security/PrivilegedActionException'{0x0000000085515718}> (0x0000000085515718) thrown at [t:/workspace/open/src/hotspot/share/prims/jvm.cpp, line 1296]
Event: 112.649 Thread 0x000001b491996000 Exception <a 'java/security/PrivilegedActionException'{0x0000000085518958}> (0x0000000085518958) thrown at [t:/workspace/open/src/hotspot/share/prims/jvm.cpp, line 1296]
Event: 112.649 Thread 0x000001b491996000 Exception <a 'java/security/PrivilegedActionException'{0x0000000085519ec0}> (0x0000000085519ec0) thrown at [t:/workspace/open/src/hotspot/share/prims/jvm.cpp, line 1296]
Event: 113.257 Thread 0x000001b491996000 Exception <a 'java/lang/NoSuchMethodError'{0x0000000085896f78}: java.lang.invoke.DirectMethodHandle$Holder.invokeStatic(Ljava/lang/Object;Ljava/lang/Object;Ljava/lang/Object;Ljava/lang/Object;Ljava/lang/Object;Ljava/lang/Object;Ljava/lang/Object;Ljava/lan
Event: 113.260 Thread 0x000001b491996000 Exception <a 'java/lang/NoSuchMethodError'{0x00000000858a4958}: java.lang.invoke.DirectMethodHandle$Holder.invokeStatic(Ljava/lang/Object;Ljava/lang/Object;Ljava/lang/Object;Ljava/lang/Object;Ljava/lang/Object;Ljava/lang/Object;Ljava/lang/Object;Ljava/lan
Event: 114.375 Thread 0x000001b491996000 Exception <a 'java/lang/NoSuchMethodError'{0x0000000085ec6700}: java.lang.invoke.DirectMethodHandle$Holder.invokeSpecial(Ljava/lang/Object;Ljava/lang/Object;IIILjava/lang/Object;Ljava/lang/Object;Ljava/lang/Object;Ljava/lang/Object;)Ljava/lang/Object;> (0
Event: 114.376 Thread 0x000001b491996000 Exception <a 'java/lang/NoSuchMethodError'{0x0000000085ecb148}: java.lang.invoke.DelegatingMethodHandle$Holder.reinvoke_L(Ljava/lang/Object;IIILjava/lang/Object;Ljava/lang/Object;Ljava/lang/Object;Ljava/lang/Object;)Ljava/lang/Object;> (0x0000000085ecb148
Event: 114.491 Thread 0x000001b491996000 Implicit null exception at 0x000001b487dc3a2d to 0x000001b487dc3d0e

Events (10 events):
Event: 114.702 Thread 0x000001b491996000 DEOPT PACKING pc=0x000001b4810b8e62 sp=0x000000205e5f3330
Event: 114.702 Thread 0x000001b491996000 DEOPT UNPACKING pc=0x000001b480028d4e sp=0x000000205e5f27c0 mode 0
Event: 114.703 Thread 0x000001b491996000 DEOPT PACKING pc=0x000001b4810b8e62 sp=0x000000205e5f34e0
Event: 114.703 Thread 0x000001b491996000 DEOPT UNPACKING pc=0x000001b480028d4e sp=0x000000205e5f2970 mode 0
Event: 114.703 Thread 0x000001b491996000 DEOPT PACKING pc=0x000001b4810b8e62 sp=0x000000205e5f34e0
Event: 114.703 Thread 0x000001b491996000 DEOPT UNPACKING pc=0x000001b480028d4e sp=0x000000205e5f2970 mode 0
Event: 114.704 Thread 0x000001b491996000 DEOPT PACKING pc=0x000001b4810b8e62 sp=0x000000205e5f3330
Event: 114.704 Thread 0x000001b491996000 DEOPT UNPACKING pc=0x000001b480028d4e sp=0x000000205e5f27c0 mode 0
Event: 114.708 loading class sun/security/rsa/RSASignature$SHA256withRSA
Event: 114.708 loading class sun/security/rsa/RSASignature$SHA256withRSA done


Dynamic libraries:
0x00007ff6c3de0000 - 0x00007ff6c3e27000 	C:\Program Files\Java\jdk-11.0.6\bin\java.exe
0x00007ffddf050000 - 0x00007ffddf248000 	C:\Windows\SYSTEM32\ntdll.dll
0x00007ffddd260000 - 0x00007ffddd31f000 	C:\Windows\System32\KERNEL32.DLL
0x00007ffddca40000 - 0x00007ffddcd12000 	C:\Windows\System32\KERNELBASE.dll
0x00007ffdde500000 - 0x00007ffdde5ae000 	C:\Windows\System32\ADVAPI32.dll
0x00007ffdde7f0000 - 0x00007ffdde88e000 	C:\Windows\System32\msvcrt.dll
0x00007ffdde750000 - 0x00007ffdde7ec000 	C:\Windows\System32\sechost.dll
0x00007ffddd320000 - 0x00007ffddd445000 	C:\Windows\System32\RPCRT4.dll
0x00007ffdde5b0000 - 0x00007ffdde74d000 	C:\Windows\System32\USER32.dll
0x00007ffddcdc0000 - 0x00007ffddcde2000 	C:\Windows\System32\win32u.dll
0x00007ffdde890000 - 0x00007ffdde8bb000 	C:\Windows\System32\GDI32.dll
0x00007ffddc930000 - 0x00007ffddca3f000 	C:\Windows\System32\gdi32full.dll
0x00007ffddcd20000 - 0x00007ffddcdbd000 	C:\Windows\System32\msvcp_win.dll
0x00007ffddce40000 - 0x00007ffddcf40000 	C:\Windows\System32\ucrtbase.dll
0x00007ffdc70b0000 - 0x00007ffdc734a000 	C:\Windows\WinSxS\amd64_microsoft.windows.common-controls_6595b64144ccf1df_6.0.19041.1110_none_60b5254171f9507e\COMCTL32.dll
0x00007ffdd4600000 - 0x00007ffdd460a000 	C:\Windows\SYSTEM32\VERSION.dll
0x00007ffdde3e0000 - 0x00007ffdde412000 	C:\Windows\System32\IMM32.DLL
0x00007ffdac360000 - 0x00007ffdac376000 	C:\Program Files\Java\jdk-11.0.6\bin\vcruntime140.dll
0x00007ffda6d80000 - 0x00007ffda6e2a000 	C:\Program Files\Java\jdk-11.0.6\bin\msvcp140.dll
0x00007ffda6250000 - 0x00007ffda6d79000 	C:\Program Files\Java\jdk-11.0.6\bin\server\jvm.dll
0x00007ffddd9f0000 - 0x00007ffddd9f8000 	C:\Windows\System32\PSAPI.DLL
0x00007ffdc2dd0000 - 0x00007ffdc2dd9000 	C:\Windows\SYSTEM32\WSOCK32.dll
0x00007ffdd2970000 - 0x00007ffdd2997000 	C:\Windows\SYSTEM32\WINMM.dll
0x00007ffdddf00000 - 0x00007ffdddf6b000 	C:\Windows\System32\WS2_32.dll
0x00007ffdda610000 - 0x00007ffdda622000 	C:\Windows\SYSTEM32\kernel.appcore.dll
0x00007ffda6230000 - 0x00007ffda6241000 	C:\Program Files\Java\jdk-11.0.6\bin\verify.dll
0x00007ffdcfda0000 - 0x00007ffdcff84000 	C:\Windows\SYSTEM32\DBGHELP.DLL
0x00007ffdc5ed0000 - 0x00007ffdc5efc000 	C:\Windows\SYSTEM32\dbgcore.DLL
0x00007ffddc750000 - 0x00007ffddc7d2000 	C:\Windows\System32\bcryptPrimitives.dll
0x00007ffda6200000 - 0x00007ffda6229000 	C:\Program Files\Java\jdk-11.0.6\bin\java.dll
0x00007ffda61e0000 - 0x00007ffda61f6000 	C:\Program Files\Java\jdk-11.0.6\bin\zip.dll
0x00007ffdbf950000 - 0x00007ffdbf95a000 	C:\Program Files\Java\jdk-11.0.6\bin\jimage.dll
0x00007ffdde8c0000 - 0x00007ffddf003000 	C:\Windows\System32\SHELL32.dll
0x00007ffdda810000 - 0x00007ffddafa2000 	C:\Windows\SYSTEM32\windows.storage.dll
0x00007ffdddba0000 - 0x00007ffdddef4000 	C:\Windows\System32\combase.dll
0x00007ffddc1b0000 - 0x00007ffddc1e0000 	C:\Windows\SYSTEM32\Wldp.dll
0x00007ffddda20000 - 0x00007ffdddacd000 	C:\Windows\System32\SHCORE.dll
0x00007ffddd5e0000 - 0x00007ffddd635000 	C:\Windows\System32\shlwapi.dll
0x00007ffddc690000 - 0x00007ffddc6af000 	C:\Windows\SYSTEM32\profapi.dll
0x00007ffda60a0000 - 0x00007ffda60b9000 	C:\Program Files\Java\jdk-11.0.6\bin\net.dll
0x00007ffdcb750000 - 0x00007ffdcb85c000 	C:\Windows\SYSTEM32\WINHTTP.dll
0x00007ffddbec0000 - 0x00007ffddbf2a000 	C:\Windows\system32\mswsock.dll
0x00007ffda6080000 - 0x00007ffda6093000 	C:\Program Files\Java\jdk-11.0.6\bin\nio.dll
0x00007ffda6050000 - 0x00007ffda6077000 	C:\Users\mathana\.gradle\native\68d5fa5c4cc2d200863cafc0d521ce42e7d3e7ee720ec0a83991735586a16f82\windows-amd64\native-platform.dll
0x00007ffda5b70000 - 0x00007ffda5cb4000 	C:\Users\mathana\.gradle\native\e376f236ea51e6404a007f0833ffe2c6e607c4080706a723a18a27aeea778392\windows-amd64\native-platform-file-events.dll
0x00007ffdbd2c0000 - 0x00007ffdbd2c9000 	C:\Program Files\Java\jdk-11.0.6\bin\management.dll
0x00007ffdbb210000 - 0x00007ffdbb21c000 	C:\Program Files\Java\jdk-11.0.6\bin\management_ext.dll
0x00007ffddc110000 - 0x00007ffddc128000 	C:\Windows\SYSTEM32\CRYPTSP.dll
0x00007ffddb7c0000 - 0x00007ffddb7f4000 	C:\Windows\system32\rsaenh.dll
0x00007ffddc7e0000 - 0x00007ffddc807000 	C:\Windows\System32\bcrypt.dll
0x00007ffddc610000 - 0x00007ffddc63e000 	C:\Windows\SYSTEM32\USERENV.dll
0x00007ffddc100000 - 0x00007ffddc10c000 	C:\Windows\SYSTEM32\CRYPTBASE.dll
0x00007ffddbb90000 - 0x00007ffddbbcb000 	C:\Windows\SYSTEM32\IPHLPAPI.DLL
0x00007ffdddb90000 - 0x00007ffdddb98000 	C:\Windows\System32\NSI.dll
0x00007ffdd2d00000 - 0x00007ffdd2d17000 	C:\Windows\SYSTEM32\dhcpcsvc6.DLL
0x00007ffdd4340000 - 0x00007ffdd435d000 	C:\Windows\SYSTEM32\dhcpcsvc.DLL
0x00007ffddbbd0000 - 0x00007ffddbc9a000 	C:\Windows\SYSTEM32\DNSAPI.dll

dbghelp: loaded successfully - version: 4.0.5 - missing functions: none
symbol engine: initialized successfully - sym options: 0x614 - pdb path: .;C:\Program Files\Java\jdk-11.0.6\bin;C:\Windows\SYSTEM32;C:\Windows\WinSxS\amd64_microsoft.windows.common-controls_6595b64144ccf1df_6.0.19041.1110_none_60b5254171f9507e;C:\Program Files\Java\jdk-11.0.6\bin\server;C:\Users\mathana\.gradle\native\68d5fa5c4cc2d200863cafc0d521ce42e7d3e7ee720ec0a83991735586a16f82\windows-amd64;C:\Users\mathana\.gradle\native\e376f236ea51e6404a007f0833ffe2c6e607c4080706a723a18a27aeea778392\windows-amd64

VM Arguments:
jvm_args: -XX:MaxMetaspaceSize=512m --add-opens=java.base/java.util=ALL-UNNAMED --add-opens=java.base/java.lang=ALL-UNNAMED --add-opens=java.base/java.lang.invoke=ALL-UNNAMED --add-opens=java.prefs/java.util.prefs=ALL-UNNAMED --add-opens=java.base/java.nio.charset=ALL-UNNAMED --add-opens=java.base/java.net=ALL-UNNAMED --add-opens=java.base/java.util.concurrent.atomic=ALL-UNNAMED -Xmx2048m -Dfile.encoding=windows-1252 -Duser.country=US -Duser.language=en -Duser.variant 
java_command: org.gradle.launcher.daemon.bootstrap.GradleDaemon 8.0.1
java_class_path (initial): C:\Users\mathana\.gradle\wrapper\dists\gradle-8.0.1-all\aro4hu1c3oeioove7l0i4i14o\gradle-8.0.1\lib\gradle-launcher-8.0.1.jar
Launcher Type: SUN_STANDARD

[Global flags]
     intx CICompilerCount                          = 4                                         {product} {ergonomic}
   size_t CompressedClassSpaceSize                 = 528482304                                 {product} {ergonomic}
     uint ConcGCThreads                            = 2                                         {product} {ergonomic}
     uint G1ConcRefinementThreads                  = 8                                         {product} {ergonomic}
   size_t G1HeapRegionSize                         = 1048576                                   {product} {ergonomic}
    uintx GCDrainStackTargetSize                   = 64                                        {product} {ergonomic}
   size_t InitialHeapSize                          = 100663296                                 {product} {ergonomic}
   size_t MarkStackSize                            = 4194304                                   {product} {ergonomic}
   size_t MaxHeapSize                              = 2147483648                                {product} {command line}
   size_t MaxMetaspaceSize                         = 536870912                                 {product} {command line}
   size_t MaxNewSize                               = 1287651328                                {product} {ergonomic}
   size_t MinHeapDeltaBytes                        = 1048576                                   {product} {ergonomic}
    uintx NonNMethodCodeHeapSize                   = 5836300                                {pd product} {ergonomic}
    uintx NonProfiledCodeHeapSize                  = 122910970                              {pd product} {ergonomic}
    uintx ProfiledCodeHeapSize                     = 122910970                              {pd product} {ergonomic}
    uintx ReservedCodeCacheSize                    = 251658240                              {pd product} {ergonomic}
     bool SegmentedCodeCache                       = true                                      {product} {ergonomic}
     bool UseCompressedClassPointers               = true                                 {lp64_product} {ergonomic}
     bool UseCompressedOops                        = true                                 {lp64_product} {ergonomic}
     bool UseG1GC                                  = true                                      {product} {ergonomic}
     bool UseLargePagesIndividualAllocation        = false                                  {pd product} {ergonomic}

Logging:
Log output configuration:
 #0: stdout all=warning uptime,level,tags
 #1: stderr all=off uptime,level,tags

Environment Variables:
JAVA_HOME=C:\Program Files\Java\jdk-11.0.6
CLASSPATH=E:\React Native apps\my githup\Market_Mathana\android\\gradle\wrapper\gradle-wrapper.jar
PATH=E:\React Native apps\my githup\Market_Mathana\node_modules\.bin;E:\React Native apps\my githup\Market_Mathana\node_modules\.bin;E:\React Native apps\my githup\node_modules\.bin;E:\React Native apps\node_modules\.bin;E:\node_modules\.bin;C:\Program Files\nodejs\node_modules\npm\node_modules\@npmcli\run-script\lib\node-gyp-bin;C:\Windows\system32;C:\Windows;C:\Windows\System32\Wbem;C:\Windows\System32\WindowsPowerShell\v1.0\;C:\Windows\System32\OpenSSH\;C:\Program Files\nodejs\;C:\Program Files\Git\cmd;C:\Users\mathana\AppData\Local\Programs\Python\Python311\Scripts\;C:\Users\mathana\AppData\Local\Programs\Python\Python311\;C:\Users\mathana\AppData\Local\Microsoft\WindowsApps;C:\Users\mathana\AppData\Roaming\npm;C:\Users\mathana\AppData\Local\Programs\Microsoft VS Code\bin;C:\Program Files\Java\jdk-11.0.6\bin;C:\Users\mathana\AppData\Local\Android\Sdk\platform-tools;C:\Users\mathana\AppData\Local\Android\Sdk\tools;
USERNAME=mathana
OS=Windows_NT
PROCESSOR_IDENTIFIER=AMD64 Family 23 Model 24 Stepping 1, AuthenticAMD



---------------  S Y S T E M  ---------------

OS: Windows 10 , 64 bit Build 19041 (10.0.19041.2251)

CPU:total 8 (initial active 8) (8 cores per cpu, 2 threads per core) family 23 model 24 stepping 1, cmov, cx8, fxsr, mmx, sse, sse2, sse3, ssse3, sse4.1, sse4.2, popcnt, avx, avx2, aes, clmul, mmxext, 3dnowpref, lzcnt, sse4a, ht, tsc, tscinvbit, tscinv, bmi1, bmi2, adx, sha, fma

Memory: 4k page, system-wide physical 6091M (44M free)
TotalPageFile size 21352M (AvailPageFile size 5M)
current process WorkingSet (physical memory assigned to process): 283M, peak: 283M
current process commit charge ("private bytes"): 361M, peak: 381M

vm_info: Java HotSpot(TM) 64-Bit Server VM (11.0.6+8-LTS) for windows-amd64 JRE (11.0.6+8-LTS), built on Dec 11 2019 09:17:57 by "mach5one" with MS VC++ 15.5 (VS2017)

END.
