#
# There is insufficient memory for the Java Runtime Environment to continue.
# Native memory allocation (malloc) failed to allocate 829136 bytes for Chunk::new
# Possible reasons:
#   The system is out of physical RAM or swap space
#   The process is running with CompressedOops enabled, and the Java Heap may be blocking the growth of the native heap
# Possible solutions:
#   Reduce memory load on the system
#   Increase physical memory or swap space
#   Check if swap backing store is full
#   Decrease Java heap size (-Xmx/-Xms)
#   Decrease number of Java threads
#   Decrease Java thread stack sizes (-Xss)
#   Set larger code cache with -XX:ReservedCodeCacheSize=
#   JVM is running with Unscaled Compressed Oops mode in which the Java heap is
#     placed in the first 4GB address space. The Java Heap base address is the
#     maximum limit for the native heap growth. Please use -XX:HeapBaseMinAddress
#     to set the Java Heap base and to place the Java Heap above 4GB virtual address.
# This output file may be truncated or incomplete.
#
#  Out of Memory Error (t:/workspace/open/src/hotspot/share/memory/arena.cpp:197), pid=21832, tid=16488
#
# JRE version: Java(TM) SE Runtime Environment (11.0.6+8) (build 11.0.6+8-LTS)
# Java VM: Java HotSpot(TM) 64-Bit Server VM (11.0.6+8-LTS, mixed mode, tiered, compressed oops, g1 gc, windows-amd64)
# No core dump will be written. Minidumps are not enabled by default on client versions of Windows
#

---------------  S U M M A R Y ------------

Command Line: -Xmx64m -Xms64m -Dorg.gradle.appname=gradlew org.gradle.wrapper.GradleWrapperMain tasks

Host: AMD Ryzen 5 3500U with Radeon Vega Mobile Gfx  , 8 cores, 5G,  Windows 10 , 64 bit Build 19041 (10.0.19041.2251)
Time: Mon Oct  9 18:18:16 2023 Egypt Standard Time elapsed time: 2 seconds (0d 0h 0m 2s)

---------------  T H R E A D  ---------------

Current thread (0x000001c36f30d000):  JavaThread "C2 CompilerThread0" daemon [_thread_in_native, id=16488, stack(0x0000008525100000,0x0000008525200000)]


Current CompileTask:
C2:   2816  856   !   4       jdk.internal.loader.URLClassPath$JarLoader::getResource (65 bytes)

Stack: [0x0000008525100000,0x0000008525200000]
Native frames: (J=compiled Java code, j=interpreted, Vv=VM code, C=native code)
V  [jvm.dll+0x63679a]
V  [jvm.dll+0x7755bf]
V  [jvm.dll+0x776c65]
V  [jvm.dll+0x7772d3]
V  [jvm.dll+0x25e7f8]
V  [jvm.dll+0xc1c01]
V  [jvm.dll+0xc219c]
V  [jvm.dll+0x36d977]
V  [jvm.dll+0x33a7b3]
V  [jvm.dll+0x339b8a]
V  [jvm.dll+0x218355]
V  [jvm.dll+0x2174fa]
V  [jvm.dll+0x193a2c]
V  [jvm.dll+0x226544]
V  [jvm.dll+0x224b28]
V  [jvm.dll+0x73a9c5]
V  [jvm.dll+0x733905]
V  [jvm.dll+0x635846]
C  [ucrtbase.dll+0x21bb2]
C  [KERNEL32.DLL+0x174b4]
C  [ntdll.dll+0x526a1]


---------------  P R O C E S S  ---------------

Threads class SMR info:
_java_thread_list=0x000001c36f578750, length=10, elements={
0x000001c352865000, 0x000001c36f2a9800, 0x000001c36f2aa800, 0x000001c36f309800,
0x000001c36f30b000, 0x000001c36f30d000, 0x000001c36f2b3800, 0x000001c36f2b7800,
0x000001c36f582800, 0x000001c36f594800
}

Java Threads: ( => current thread )
  0x000001c352865000 JavaThread "main" [_thread_in_native, id=10132, stack(0x0000008524600000,0x0000008524700000)]
  0x000001c36f2a9800 JavaThread "Reference Handler" daemon [_thread_blocked, id=9800, stack(0x0000008524d00000,0x0000008524e00000)]
  0x000001c36f2aa800 JavaThread "Finalizer" daemon [_thread_blocked, id=15756, stack(0x0000008524e00000,0x0000008524f00000)]
  0x000001c36f309800 JavaThread "Signal Dispatcher" daemon [_thread_blocked, id=12544, stack(0x0000008524f00000,0x0000008525000000)]
  0x000001c36f30b000 JavaThread "Attach Listener" daemon [_thread_blocked, id=17828, stack(0x0000008525000000,0x0000008525100000)]
=>0x000001c36f30d000 JavaThread "C2 CompilerThread0" daemon [_thread_in_native, id=16488, stack(0x0000008525100000,0x0000008525200000)]
  0x000001c36f2b3800 JavaThread "C1 CompilerThread0" daemon [_thread_blocked, id=8360, stack(0x0000008525200000,0x0000008525300000)]
  0x000001c36f2b7800 JavaThread "Sweeper thread" daemon [_thread_blocked, id=7704, stack(0x0000008525300000,0x0000008525400000)]
  0x000001c36f582800 JavaThread "Service Thread" daemon [_thread_blocked, id=20204, stack(0x0000008525400000,0x0000008525500000)]
  0x000001c36f594800 JavaThread "Common-Cleaner" daemon [_thread_blocked, id=4900, stack(0x0000008525600000,0x0000008525700000)]

Other Threads:
  0x000001c36f275800 VMThread "VM Thread" [stack: 0x0000008524c00000,0x0000008524d00000] [id=16896]
  0x000001c36f594000 WatcherThread [stack: 0x0000008525500000,0x0000008525600000] [id=15676]
  0x000001c35287c000 GCTaskThread "GC Thread#0" [stack: 0x0000008524700000,0x0000008524800000] [id=20688]
  0x000001c37003c800 GCTaskThread "GC Thread#1" [stack: 0x0000008525700000,0x0000008525800000] [id=20096]
  0x000001c352885000 ConcurrentGCThread "G1 Main Marker" [stack: 0x0000008524800000,0x0000008524900000] [id=13344]
  0x000001c352886800 ConcurrentGCThread "G1 Conc#0" [stack: 0x0000008524900000,0x0000008524a00000] [id=6496]
  0x000001c3528ec800 ConcurrentGCThread "G1 Refine#0" [stack: 0x0000008524a00000,0x0000008524b00000] [id=11840]
  0x000001c3528ed800 ConcurrentGCThread "G1 Young RemSet Sampling" [stack: 0x0000008524b00000,0x0000008524c00000] [id=15320]

Threads with active compile tasks:
C2 CompilerThread0 856   !   4       jdk.internal.loader.URLClassPath$JarLoader::getResource (65 bytes)

VM state:not at safepoint (normal execution)

VM Mutex/Monitor currently owned by a thread: None

Heap address: 0x00000000fc000000, size: 64 MB, Compressed Oops mode: 32-bit
Narrow klass base: 0x0000000000000000, Narrow klass shift: 3
Compressed class space size: 1073741824 Address: 0x0000000100000000

Heap:
 garbage-first heap   total 65536K, used 12908K [0x00000000fc000000, 0x0000000100000000)
  region size 1024K, 6 young (6144K), 3 survivors (3072K)
 Metaspace       used 10688K, capacity 10917K, committed 11008K, reserved 1058816K
  class space    used 1136K, capacity 1236K, committed 1280K, reserved 1048576K
Heap Regions: E=young(eden), S=young(survivor), O=old, HS=humongous(starts), HC=humongous(continues), CS=collection set, F=free, A=archive, TAMS=top-at-mark-start (previous, next)
|   0|0x00000000fc000000, 0x00000000fc100000, 0x00000000fc100000|100%|HS|  |TAMS 0x00000000fc000000, 0x00000000fc000000| Complete 
|   1|0x00000000fc100000, 0x00000000fc200000, 0x00000000fc200000|100%|HC|  |TAMS 0x00000000fc100000, 0x00000000fc100000| Complete 
|   2|0x00000000fc200000, 0x00000000fc300000, 0x00000000fc300000|100%|HC|  |TAMS 0x00000000fc200000, 0x00000000fc200000| Complete 
|   3|0x00000000fc300000, 0x00000000fc400000, 0x00000000fc400000|100%|HC|  |TAMS 0x00000000fc300000, 0x00000000fc300000| Complete 
|   4|0x00000000fc400000, 0x00000000fc500000, 0x00000000fc500000|100%| O|  |TAMS 0x00000000fc400000, 0x00000000fc400000| Untracked 
|   5|0x00000000fc500000, 0x00000000fc600000, 0x00000000fc600000|100%| O|  |TAMS 0x00000000fc500000, 0x00000000fc500000| Untracked 
|   6|0x00000000fc600000, 0x00000000fc700000, 0x00000000fc700000|100%| O|  |TAMS 0x00000000fc600000, 0x00000000fc600000| Untracked 
|   7|0x00000000fc700000, 0x00000000fc79b000, 0x00000000fc800000| 60%| O|  |TAMS 0x00000000fc700000, 0x00000000fc700000| Untracked 
|   8|0x00000000fc800000, 0x00000000fc800000, 0x00000000fc900000|  0%| F|  |TAMS 0x00000000fc800000, 0x00000000fc800000| Untracked 
|   9|0x00000000fc900000, 0x00000000fc900000, 0x00000000fca00000|  0%| F|  |TAMS 0x00000000fc900000, 0x00000000fc900000| Untracked 
|  10|0x00000000fca00000, 0x00000000fca00000, 0x00000000fcb00000|  0%| F|  |TAMS 0x00000000fca00000, 0x00000000fca00000| Untracked 
|  11|0x00000000fcb00000, 0x00000000fcb00000, 0x00000000fcc00000|  0%| F|  |TAMS 0x00000000fcb00000, 0x00000000fcb00000| Untracked 
|  12|0x00000000fcc00000, 0x00000000fcc00000, 0x00000000fcd00000|  0%| F|  |TAMS 0x00000000fcc00000, 0x00000000fcc00000| Untracked 
|  13|0x00000000fcd00000, 0x00000000fcd00000, 0x00000000fce00000|  0%| F|  |TAMS 0x00000000fcd00000, 0x00000000fcd00000| Untracked 
|  14|0x00000000fce00000, 0x00000000fce00000, 0x00000000fcf00000|  0%| F|  |TAMS 0x00000000fce00000, 0x00000000fce00000| Untracked 
|  15|0x00000000fcf00000, 0x00000000fcf00000, 0x00000000fd000000|  0%| F|  |TAMS 0x00000000fcf00000, 0x00000000fcf00000| Untracked 
|  16|0x00000000fd000000, 0x00000000fd000000, 0x00000000fd100000|  0%| F|  |TAMS 0x00000000fd000000, 0x00000000fd000000| Untracked 
|  17|0x00000000fd100000, 0x00000000fd100000, 0x00000000fd200000|  0%| F|  |TAMS 0x00000000fd100000, 0x00000000fd100000| Untracked 
|  18|0x00000000fd200000, 0x00000000fd200000, 0x00000000fd300000|  0%| F|  |TAMS 0x00000000fd200000, 0x00000000fd200000| Untracked 
|  19|0x00000000fd300000, 0x00000000fd300000, 0x00000000fd400000|  0%| F|  |TAMS 0x00000000fd300000, 0x00000000fd300000| Untracked 
|  20|0x00000000fd400000, 0x00000000fd400000, 0x00000000fd500000|  0%| F|  |TAMS 0x00000000fd400000, 0x00000000fd400000| Untracked 
|  21|0x00000000fd500000, 0x00000000fd500000, 0x00000000fd600000|  0%| F|  |TAMS 0x00000000fd500000, 0x00000000fd500000| Untracked 
|  22|0x00000000fd600000, 0x00000000fd600000, 0x00000000fd700000|  0%| F|  |TAMS 0x00000000fd600000, 0x00000000fd600000| Untracked 
|  23|0x00000000fd700000, 0x00000000fd700000, 0x00000000fd800000|  0%| F|  |TAMS 0x00000000fd700000, 0x00000000fd700000| Untracked 
|  24|0x00000000fd800000, 0x00000000fd800000, 0x00000000fd900000|  0%| F|  |TAMS 0x00000000fd800000, 0x00000000fd800000| Untracked 
|  25|0x00000000fd900000, 0x00000000fd900000, 0x00000000fda00000|  0%| F|  |TAMS 0x00000000fd900000, 0x00000000fd900000| Untracked 
|  26|0x00000000fda00000, 0x00000000fda00000, 0x00000000fdb00000|  0%| F|  |TAMS 0x00000000fda00000, 0x00000000fda00000| Untracked 
|  27|0x00000000fdb00000, 0x00000000fdb00000, 0x00000000fdc00000|  0%| F|  |TAMS 0x00000000fdb00000, 0x00000000fdb00000| Untracked 
|  28|0x00000000fdc00000, 0x00000000fdc00000, 0x00000000fdd00000|  0%| F|  |TAMS 0x00000000fdc00000, 0x00000000fdc00000| Untracked 
|  29|0x00000000fdd00000, 0x00000000fdd00000, 0x00000000fde00000|  0%| F|  |TAMS 0x00000000fdd00000, 0x00000000fdd00000| Untracked 
|  30|0x00000000fde00000, 0x00000000fde00000, 0x00000000fdf00000|  0%| F|  |TAMS 0x00000000fde00000, 0x00000000fde00000| Untracked 
|  31|0x00000000fdf00000, 0x00000000fdf00000, 0x00000000fe000000|  0%| F|  |TAMS 0x00000000fdf00000, 0x00000000fdf00000| Untracked 
|  32|0x00000000fe000000, 0x00000000fe000000, 0x00000000fe100000|  0%| F|  |TAMS 0x00000000fe000000, 0x00000000fe000000| Untracked 
|  33|0x00000000fe100000, 0x00000000fe100000, 0x00000000fe200000|  0%| F|  |TAMS 0x00000000fe100000, 0x00000000fe100000| Untracked 
|  34|0x00000000fe200000, 0x00000000fe200000, 0x00000000fe300000|  0%| F|  |TAMS 0x00000000fe200000, 0x00000000fe200000| Untracked 
|  35|0x00000000fe300000, 0x00000000fe300000, 0x00000000fe400000|  0%| F|  |TAMS 0x00000000fe300000, 0x00000000fe300000| Untracked 
|  36|0x00000000fe400000, 0x00000000fe400000, 0x00000000fe500000|  0%| F|  |TAMS 0x00000000fe400000, 0x00000000fe400000| Untracked 
|  37|0x00000000fe500000, 0x00000000fe600000, 0x00000000fe600000|100%| S|CS|TAMS 0x00000000fe500000, 0x00000000fe500000| Complete 
|  38|0x00000000fe600000, 0x00000000fe700000, 0x00000000fe700000|100%| S|CS|TAMS 0x00000000fe600000, 0x00000000fe600000| Complete 
|  39|0x00000000fe700000, 0x00000000fe800000, 0x00000000fe800000|100%| S|CS|TAMS 0x00000000fe700000, 0x00000000fe700000| Complete 
|  40|0x00000000fe800000, 0x00000000fe800000, 0x00000000fe900000|  0%| F|  |TAMS 0x00000000fe800000, 0x00000000fe800000| Untracked 
|  41|0x00000000fe900000, 0x00000000fe900000, 0x00000000fea00000|  0%| F|  |TAMS 0x00000000fe900000, 0x00000000fe900000| Untracked 
|  42|0x00000000fea00000, 0x00000000fea00000, 0x00000000feb00000|  0%| F|  |TAMS 0x00000000fea00000, 0x00000000fea00000| Untracked 
|  43|0x00000000feb00000, 0x00000000feb00000, 0x00000000fec00000|  0%| F|  |TAMS 0x00000000feb00000, 0x00000000feb00000| Untracked 
|  44|0x00000000fec00000, 0x00000000fec00000, 0x00000000fed00000|  0%| F|  |TAMS 0x00000000fec00000, 0x00000000fec00000| Untracked 
|  45|0x00000000fed00000, 0x00000000fed00000, 0x00000000fee00000|  0%| F|  |TAMS 0x00000000fed00000, 0x00000000fed00000| Untracked 
|  46|0x00000000fee00000, 0x00000000fee00000, 0x00000000fef00000|  0%| F|  |TAMS 0x00000000fee00000, 0x00000000fee00000| Untracked 
|  47|0x00000000fef00000, 0x00000000fef00000, 0x00000000ff000000|  0%| F|  |TAMS 0x00000000fef00000, 0x00000000fef00000| Untracked 
|  48|0x00000000ff000000, 0x00000000ff000000, 0x00000000ff100000|  0%| F|  |TAMS 0x00000000ff000000, 0x00000000ff000000| Untracked 
|  49|0x00000000ff100000, 0x00000000ff100000, 0x00000000ff200000|  0%| F|  |TAMS 0x00000000ff100000, 0x00000000ff100000| Untracked 
|  50|0x00000000ff200000, 0x00000000ff200000, 0x00000000ff300000|  0%| F|  |TAMS 0x00000000ff200000, 0x00000000ff200000| Untracked 
|  51|0x00000000ff300000, 0x00000000ff300000, 0x00000000ff400000|  0%| F|  |TAMS 0x00000000ff300000, 0x00000000ff300000| Untracked 
|  52|0x00000000ff400000, 0x00000000ff400000, 0x00000000ff500000|  0%| F|  |TAMS 0x00000000ff400000, 0x00000000ff400000| Untracked 
|  53|0x00000000ff500000, 0x00000000ff500000, 0x00000000ff600000|  0%| F|  |TAMS 0x00000000ff500000, 0x00000000ff500000| Untracked 
|  54|0x00000000ff600000, 0x00000000ff600000, 0x00000000ff700000|  0%| F|  |TAMS 0x00000000ff600000, 0x00000000ff600000| Untracked 
|  55|0x00000000ff700000, 0x00000000ff700000, 0x00000000ff800000|  0%| F|  |TAMS 0x00000000ff700000, 0x00000000ff700000| Untracked 
|  56|0x00000000ff800000, 0x00000000ff800000, 0x00000000ff900000|  0%| F|  |TAMS 0x00000000ff800000, 0x00000000ff800000| Untracked 
|  57|0x00000000ff900000, 0x00000000ff900000, 0x00000000ffa00000|  0%| F|  |TAMS 0x00000000ff900000, 0x00000000ff900000| Untracked 
|  58|0x00000000ffa00000, 0x00000000ffa00000, 0x00000000ffb00000|  0%| F|  |TAMS 0x00000000ffa00000, 0x00000000ffa00000| Untracked 
|  59|0x00000000ffb00000, 0x00000000ffb00000, 0x00000000ffc00000|  0%| F|  |TAMS 0x00000000ffb00000, 0x00000000ffb00000| Untracked 
|  60|0x00000000ffc00000, 0x00000000ffc00000, 0x00000000ffd00000|  0%| F|  |TAMS 0x00000000ffc00000, 0x00000000ffc00000| Untracked 
|  61|0x00000000ffd00000, 0x00000000ffd80800, 0x00000000ffe00000| 50%| E|  |TAMS 0x00000000ffd00000, 0x00000000ffd00000| Complete 
|  62|0x00000000ffe00000, 0x00000000fff00000, 0x00000000fff00000|100%| E|CS|TAMS 0x00000000ffe00000, 0x00000000ffe00000| Complete 
|  63|0x00000000fff00000, 0x0000000100000000, 0x0000000100000000|100%| E|CS|TAMS 0x00000000fff00000, 0x00000000fff00000| Complete 

Card table byte_map: [0x000001c36be70000,0x000001c36be90000] _byte_map_base: 0x000001c36b690000

Marking Bits (Prev, Next): (CMBitMap*) 0x000001c352884248, (CMBitMap*) 0x000001c352884280
 Prev Bits: [0x000001c36beb0000, 0x000001c36bfb0000)
 Next Bits: [0x000001c36bfb0000, 0x000001c36c0b0000)

Polling page: 0x000001c352950000

Metaspace:

Usage:
  Non-class:      9.45 MB capacity,     9.34 MB ( 99%) used,   107.24 KB (  1%) free+waste,    11.44 KB ( <1%) overhead. 
      Class:      1.21 MB capacity,     1.11 MB ( 92%) used,    91.23 KB (  7%) free+waste,     5.81 KB ( <1%) overhead. 
       Both:     10.66 MB capacity,    10.45 MB ( 98%) used,   198.47 KB (  2%) free+waste,    17.25 KB ( <1%) overhead. 

Virtual space:
  Non-class space:       10.00 MB reserved,       9.50 MB ( 95%) committed 
      Class space:        1.00 GB reserved,       1.25 MB ( <1%) committed 
             Both:        1.01 GB reserved,      10.75 MB (  1%) committed 

Chunk freelists:
   Non-Class:  5.88 KB
       Class:  1.50 KB
        Both:  7.38 KB

CodeHeap 'non-profiled nmethods': size=120000Kb used=325Kb max_used=325Kb free=119674Kb
 bounds [0x000001c363eb0000, 0x000001c364120000, 0x000001c36b3e0000]
CodeHeap 'profiled nmethods': size=120000Kb used=1831Kb max_used=1831Kb free=118168Kb
 bounds [0x000001c35c980000, 0x000001c35cbf0000, 0x000001c363eb0000]
CodeHeap 'non-nmethods': size=5760Kb used=1073Kb max_used=1093Kb free=4686Kb
 bounds [0x000001c35c3e0000, 0x000001c35c650000, 0x000001c35c980000]
 total_blobs=1513 nmethods=917 adapters=281
 compilation: enabled
              stopped_count=0, restarted_count=0
 full_count=0

Compilation events (10 events):
Event: 2.562 Thread 0x000001c36f2b3800  894       1       java.lang.invoke.LambdaForm$NamedFunction::intrinsicName (5 bytes)
Event: 2.563 Thread 0x000001c36f2b3800 nmethod 894 0x000001c363f00590 code [0x000001c363f00740, 0x000001c363f00858]
Event: 2.563 Thread 0x000001c36f2b3800  895       3       jdk.internal.org.objectweb.asm.MethodWriter::visitVarInsn (300 bytes)
Event: 2.563 Thread 0x000001c36f2b3800 nmethod 895 0x000001c35cb34710 code [0x000001c35cb34980, 0x000001c35cb353d0]
Event: 2.563 Thread 0x000001c36f2b3800  896       3       java.lang.invoke.LambdaForm$Name::lastUseIndex (36 bytes)
Event: 2.563 Thread 0x000001c36f2b3800 nmethod 896 0x000001c35cb35710 code [0x000001c35cb358e0, 0x000001c35cb35bd8]
Event: 2.563 Thread 0x000001c36f2b3800  897       3       jdk.internal.org.objectweb.asm.Frame::get (46 bytes)
Event: 2.564 Thread 0x000001c36f2b3800 nmethod 897 0x000001c35cb35d10 code [0x000001c35cb35ec0, 0x000001c35cb36118]
Event: 2.564 Thread 0x000001c36f2b3800  898       3       sun.invoke.util.VerifyType::isNullConversion (157 bytes)
Event: 2.565 Thread 0x000001c36f2b3800 nmethod 898 0x000001c35cb36210 code [0x000001c35cb36520, 0x000001c35cb37a70]

GC Heap History (2 events):
Event: 2.496 GC heap before
{Heap before GC invocations=0 (full 0):
 garbage-first heap   total 65536K, used 27648K [0x00000000fc000000, 0x0000000100000000)
  region size 1024K, 24 young (24576K), 0 survivors (0K)
 Metaspace       used 10310K, capacity 10541K, committed 10624K, reserved 1058816K
  class space    used 1069K, capacity 1129K, committed 1152K, reserved 1048576K
}
Event: 2.509 GC heap after
{Heap after GC invocations=1 (full 0):
 garbage-first heap   total 65536K, used 10860K [0x00000000fc000000, 0x0000000100000000)
  region size 1024K, 3 young (3072K), 3 survivors (3072K)
 Metaspace       used 10310K, capacity 10541K, committed 10624K, reserved 1058816K
  class space    used 1069K, capacity 1129K, committed 1152K, reserved 1048576K
}

Deoptimization events (10 events):
Event: 2.217 Thread 0x000001c352865000 Uncommon trap: reason=bimorphic_or_optimized_type_check action=maybe_recompile pc=0x000001c363edf6e4 method=java.util.HashMap.putVal(ILjava/lang/Object;Ljava/lang/Object;ZZ)Ljava/lang/Object; @ 91 c2
Event: 2.217 Thread 0x000001c352865000 Uncommon trap: reason=bimorphic_or_optimized_type_check action=maybe_recompile pc=0x000001c363edf6e4 method=java.util.HashMap.putVal(ILjava/lang/Object;Ljava/lang/Object;ZZ)Ljava/lang/Object; @ 91 c2
Event: 2.217 Thread 0x000001c352865000 Uncommon trap: reason=bimorphic_or_optimized_type_check action=maybe_recompile pc=0x000001c363edf6e4 method=java.util.HashMap.putVal(ILjava/lang/Object;Ljava/lang/Object;ZZ)Ljava/lang/Object; @ 91 c2
Event: 2.218 Thread 0x000001c352865000 Uncommon trap: reason=bimorphic_or_optimized_type_check action=maybe_recompile pc=0x000001c363edf6e4 method=java.util.HashMap.putVal(ILjava/lang/Object;Ljava/lang/Object;ZZ)Ljava/lang/Object; @ 91 c2
Event: 2.416 Thread 0x000001c352865000 Uncommon trap: reason=unstable_if action=reinterpret pc=0x000001c363ecd4b0 method=java.util.regex.Matcher.reset()Ljava/util/regex/Matcher; @ 47 c2
Event: 2.416 Thread 0x000001c352865000 Uncommon trap: reason=class_check action=maybe_recompile pc=0x000001c363ecdc00 method=java.util.regex.Matcher.match(II)Z @ 121 c2
Event: 2.416 Thread 0x000001c352865000 Uncommon trap: reason=class_check action=maybe_recompile pc=0x000001c363ecdc00 method=java.util.regex.Matcher.match(II)Z @ 121 c2
Event: 2.417 Thread 0x000001c352865000 Uncommon trap: reason=class_check action=maybe_recompile pc=0x000001c363ecdc00 method=java.util.regex.Matcher.match(II)Z @ 121 c2
Event: 2.417 Thread 0x000001c352865000 Uncommon trap: reason=class_check action=maybe_recompile pc=0x000001c363ecdc00 method=java.util.regex.Matcher.match(II)Z @ 121 c2
Event: 2.425 Thread 0x000001c352865000 Uncommon trap: reason=unstable_if action=reinterpret pc=0x000001c363ef195c method=java.util.HashMap.hash(Ljava/lang/Object;)I @ 1 c2

Classes redefined (0 events):
No events

Internal exceptions (8 events):
Event: 0.754 Thread 0x000001c352865000 Exception <a 'java/lang/NoSuchMethodError'{0x00000000ffc609a0}: java.lang.invoke.DirectMethodHandle$Holder.invokeStaticInit(Ljava/lang/Object;Ljava/lang/Object;)I> (0x00000000ffc609a0) thrown at [t:/workspace/open/src/hotspot/share/interpreter/linkResolve
Event: 0.894 Thread 0x000001c352865000 Exception <a 'java/lang/NoSuchMethodError'{0x00000000ffb35fa8}: java.lang.invoke.DirectMethodHandle$Holder.invokeSpecial(Ljava/lang/Object;Ljava/lang/Object;Ljava/lang/Object;Ljava/lang/Object;)I> (0x00000000ffb35fa8) thrown at [t:/workspace/open/src/hots
Event: 0.902 Thread 0x000001c352865000 Exception <a 'java/lang/NoSuchMethodError'{0x00000000ffb6e688}: java.lang.invoke.DirectMethodHandle$Holder.invokeSpecialIFC(Ljava/lang/Object;Ljava/lang/Object;I)I> (0x00000000ffb6e688) thrown at [t:/workspace/open/src/hotspot/share/interpreter/linkResolv
Event: 2.425 Thread 0x000001c352865000 Implicit null exception at 0x000001c363ef1775 to 0x000001c363ef194a
Event: 2.469 Thread 0x000001c352865000 Exception <a 'java/lang/NoClassDefFoundError'{0x00000000fe823368}: org/slf4j/impl/StaticMarkerBinder> (0x00000000fe823368) thrown at [t:/workspace/open/src/hotspot/share/classfile/systemDictionary.cpp, line 220]
Event: 2.517 Thread 0x000001c352865000 Exception <a 'java/lang/NoSuchMethodError'{0x00000000fff24da0}: java.lang.invoke.DirectMethodHandle$Holder.invokeVirtual(Ljava/lang/Object;Ljava/lang/Object;Ljava/lang/Object;Ljava/lang/Object;Ljava/lang/Object;Ljava/lang/Object;Ljava/lang/Object;)Ljava/l
Event: 2.521 Thread 0x000001c352865000 Exception <a 'java/lang/NoSuchMethodError'{0x00000000fff38990}: java.lang.invoke.Invokers$Holder.invoker(Ljava/lang/Object;Ljava/lang/Object;Ljava/lang/Object;)Ljava/lang/Object;> (0x00000000fff38990) thrown at [t:/workspace/open/src/hotspot/share/interpr
Event: 2.562 Thread 0x000001c352865000 Exception <a 'java/lang/NoSuchMethodError'{0x00000000fff49628}: java.lang.invoke.DelegatingMethodHandle$Holder.delegate(Ljava/lang/Object;Ljava/lang/Object;ILjava/lang/Object;)V> (0x00000000fff49628) thrown at [t:/workspace/open/src/hotspot/share/interpre

Events (10 events):
Event: 2.566 loading class org/gradle/internal/nativeintegration/services/NativeServices$1
Event: 2.566 loading class org/gradle/internal/nativeintegration/services/NativeServices$1 done
Event: 2.566 loading class org/gradle/api/internal/file/temp/GradleUserHomeTemporaryFileProvider
Event: 2.566 loading class org/gradle/api/internal/file/temp/GradleUserHomeTemporaryFileProvider done
Event: 2.566 loading class org/gradle/api/internal/file/temp/DefaultTemporaryFileProvider
Event: 2.566 loading class org/gradle/api/internal/file/temp/DefaultTemporaryFileProvider done
Event: 2.567 loading class net/rubygrapefruit/platform/Native
Event: 2.567 loading class net/rubygrapefruit/platform/Native done
Event: 2.575 loading class net/rubygrapefruit/platform/internal/Platform
Event: 2.575 loading class net/rubygrapefruit/platform/internal/Platform done


Dynamic libraries:
0x00007ff795390000 - 0x00007ff7953d7000 	C:\Program Files\Java\jdk-11.0.6\bin\java.exe
0x00007ffa079b0000 - 0x00007ffa07ba8000 	C:\Windows\SYSTEM32\ntdll.dll
0x00007ffa06c50000 - 0x00007ffa06d0f000 	C:\Windows\System32\KERNEL32.DLL
0x00007ffa05230000 - 0x00007ffa05502000 	C:\Windows\System32\KERNELBASE.dll
0x00007ffa07250000 - 0x00007ffa072fe000 	C:\Windows\System32\ADVAPI32.dll
0x00007ffa07070000 - 0x00007ffa0710e000 	C:\Windows\System32\msvcrt.dll
0x00007ffa05ed0000 - 0x00007ffa05f6c000 	C:\Windows\System32\sechost.dll
0x00007ffa07110000 - 0x00007ffa07235000 	C:\Windows\System32\RPCRT4.dll
0x00007ffa06ab0000 - 0x00007ffa06c4d000 	C:\Windows\System32\USER32.dll
0x00007ffa05160000 - 0x00007ffa05182000 	C:\Windows\System32\win32u.dll
0x00007ffa06a20000 - 0x00007ffa06a4b000 	C:\Windows\System32\GDI32.dll
0x00007ffa05740000 - 0x00007ffa0584f000 	C:\Windows\System32\gdi32full.dll
0x00007ffa05190000 - 0x00007ffa0522d000 	C:\Windows\System32\msvcp_win.dll
0x00007ffa05510000 - 0x00007ffa05610000 	C:\Windows\System32\ucrtbase.dll
0x00007ff9f0e20000 - 0x00007ff9f10ba000 	C:\Windows\WinSxS\amd64_microsoft.windows.common-controls_6595b64144ccf1df_6.0.19041.1110_none_60b5254171f9507e\COMCTL32.dll
0x00007ff9fd570000 - 0x00007ff9fd57a000 	C:\Windows\SYSTEM32\VERSION.dll
0x00007ffa05e90000 - 0x00007ffa05ec2000 	C:\Windows\System32\IMM32.DLL
0x00007ff9ef6a0000 - 0x00007ff9ef6b6000 	C:\Program Files\Java\jdk-11.0.6\bin\vcruntime140.dll
0x00007ff9d5000000 - 0x00007ff9d50aa000 	C:\Program Files\Java\jdk-11.0.6\bin\msvcp140.dll
0x00007ff9b6110000 - 0x00007ff9b6c39000 	C:\Program Files\Java\jdk-11.0.6\bin\server\jvm.dll
0x00007ffa06fb0000 - 0x00007ffa06fb8000 	C:\Windows\System32\PSAPI.DLL
0x00007ff9fac60000 - 0x00007ff9fac87000 	C:\Windows\SYSTEM32\WINMM.dll
0x00007ff9ec190000 - 0x00007ff9ec199000 	C:\Windows\SYSTEM32\WSOCK32.dll
0x00007ffa06d90000 - 0x00007ffa06dfb000 	C:\Windows\System32\WS2_32.dll
0x00007ffa02f70000 - 0x00007ffa02f82000 	C:\Windows\SYSTEM32\kernel.appcore.dll
0x00007ff9ef220000 - 0x00007ff9ef231000 	C:\Program Files\Java\jdk-11.0.6\bin\verify.dll
0x00007ff9fa920000 - 0x00007ff9fab04000 	C:\Windows\SYSTEM32\DBGHELP.DLL
0x00007ff9f25e0000 - 0x00007ff9f260c000 	C:\Windows\SYSTEM32\dbgcore.DLL
0x00007ffa056b0000 - 0x00007ffa05732000 	C:\Windows\System32\bcryptPrimitives.dll
0x00007ff9eee00000 - 0x00007ff9eee29000 	C:\Program Files\Java\jdk-11.0.6\bin\java.dll
0x00007ff9eeb80000 - 0x00007ff9eeb96000 	C:\Program Files\Java\jdk-11.0.6\bin\zip.dll
0x00007ff9f54a0000 - 0x00007ff9f54aa000 	C:\Program Files\Java\jdk-11.0.6\bin\jimage.dll
0x00007ffa062d0000 - 0x00007ffa06a13000 	C:\Windows\System32\SHELL32.dll
0x00007ffa03170000 - 0x00007ffa03902000 	C:\Windows\SYSTEM32\windows.storage.dll
0x00007ffa05f70000 - 0x00007ffa062c4000 	C:\Windows\System32\combase.dll
0x00007ffa04aa0000 - 0x00007ffa04ad0000 	C:\Windows\SYSTEM32\Wldp.dll
0x00007ffa06fc0000 - 0x00007ffa0706d000 	C:\Windows\System32\SHCORE.dll
0x00007ffa06a50000 - 0x00007ffa06aa5000 	C:\Windows\System32\shlwapi.dll
0x00007ffa04ff0000 - 0x00007ffa0500f000 	C:\Windows\SYSTEM32\profapi.dll
0x00007ff9eeb60000 - 0x00007ff9eeb79000 	C:\Program Files\Java\jdk-11.0.6\bin\net.dll
0x00007ff9f4070000 - 0x00007ff9f417c000 	C:\Windows\SYSTEM32\WINHTTP.dll
0x00007ffa04790000 - 0x00007ffa047fa000 	C:\Windows\system32\mswsock.dll
0x00007ff9ee530000 - 0x00007ff9ee543000 	C:\Program Files\Java\jdk-11.0.6\bin\nio.dll
0x00007ff9e9a80000 - 0x00007ff9e9aa7000 	C:\Users\mathana\.gradle\native\68d5fa5c4cc2d200863cafc0d521ce42e7d3e7ee720ec0a83991735586a16f82\windows-amd64\native-platform.dll

dbghelp: loaded successfully - version: 4.0.5 - missing functions: none
symbol engine: initialized successfully - sym options: 0x614 - pdb path: .;C:\Program Files\Java\jdk-11.0.6\bin;C:\Windows\SYSTEM32;C:\Windows\WinSxS\amd64_microsoft.windows.common-controls_6595b64144ccf1df_6.0.19041.1110_none_60b5254171f9507e;C:\Program Files\Java\jdk-11.0.6\bin\server;C:\Users\mathana\.gradle\native\68d5fa5c4cc2d200863cafc0d521ce42e7d3e7ee720ec0a83991735586a16f82\windows-amd64

VM Arguments:
jvm_args: -Xmx64m -Xms64m -Dorg.gradle.appname=gradlew 
java_command: org.gradle.wrapper.GradleWrapperMain tasks
java_class_path (initial): E:\React Native apps\my githup\Market_Mathana\android\\gradle\wrapper\gradle-wrapper.jar
Launcher Type: SUN_STANDARD

[Global flags]
     intx CICompilerCount                          = 4                                         {product} {ergonomic}
     uint ConcGCThreads                            = 2                                         {product} {ergonomic}
     uint G1ConcRefinementThreads                  = 8                                         {product} {ergonomic}
   size_t G1HeapRegionSize                         = 1048576                                   {product} {ergonomic}
    uintx GCDrainStackTargetSize                   = 64                                        {product} {ergonomic}
   size_t InitialHeapSize                          = 67108864                                  {product} {command line}
   size_t MarkStackSize                            = 4194304                                   {product} {ergonomic}
   size_t MaxHeapSize                              = 67108864                                  {product} {command line}
   size_t MaxNewSize                               = 39845888                                  {product} {ergonomic}
   size_t MinHeapDeltaBytes                        = 1048576                                   {product} {ergonomic}
    uintx NonNMethodCodeHeapSize                   = 5836300                                {pd product} {ergonomic}
    uintx NonProfiledCodeHeapSize                  = 122910970                              {pd product} {ergonomic}
    uintx ProfiledCodeHeapSize                     = 122910970                              {pd product} {ergonomic}
    uintx ReservedCodeCacheSize                    = 251658240                              {pd product} {ergonomic}
     bool SegmentedCodeCache                       = true                                      {product} {ergonomic}
     bool UseCompressedClassPointers               = true                                 {lp64_product} {ergonomic}
     bool UseCompressedOops                        = true                                 {lp64_product} {ergonomic}
     bool UseG1GC                                  = true                                      {product} {ergonomic}
     bool UseLargePagesIndividualAllocation        = false                                  {pd product} {ergonomic}

Logging:
Log output configuration:
 #0: stdout all=warning uptime,level,tags
 #1: stderr all=off uptime,level,tags

Environment Variables:
JAVA_HOME=C:\Program Files\Java\jdk-11.0.6
CLASSPATH=E:\React Native apps\my githup\Market_Mathana\android\\gradle\wrapper\gradle-wrapper.jar
PATH=E:\React Native apps\my githup\Market_Mathana\node_modules\.bin;E:\React Native apps\my githup\Market_Mathana\node_modules\.bin;E:\React Native apps\my githup\node_modules\.bin;E:\React Native apps\node_modules\.bin;E:\node_modules\.bin;C:\Program Files\nodejs\node_modules\npm\node_modules\@npmcli\run-script\lib\node-gyp-bin;C:\Windows\system32;C:\Windows;C:\Windows\System32\Wbem;C:\Windows\System32\WindowsPowerShell\v1.0\;C:\Windows\System32\OpenSSH\;C:\Program Files\nodejs\;C:\Program Files\Git\cmd;C:\Users\mathana\AppData\Local\Programs\Python\Python311\Scripts\;C:\Users\mathana\AppData\Local\Programs\Python\Python311\;C:\Users\mathana\AppData\Local\Microsoft\WindowsApps;C:\Users\mathana\AppData\Roaming\npm;C:\Users\mathana\AppData\Local\Programs\Microsoft VS Code\bin;C:\Program Files\Java\jdk-11.0.6\bin;C:\Users\mathana\AppData\Local\Android\Sdk\platform-tools;C:\Users\mathana\AppData\Local\Android\Sdk\tools;
USERNAME=mathana
OS=Windows_NT
PROCESSOR_IDENTIFIER=AMD64 Family 23 Model 24 Stepping 1, AuthenticAMD



---------------  S Y S T E M  ---------------

OS: Windows 10 , 64 bit Build 19041 (10.0.19041.2251)

CPU:total 8 (initial active 8) (8 cores per cpu, 2 threads per core) family 23 model 24 stepping 1, cmov, cx8, fxsr, mmx, sse, sse2, sse3, ssse3, sse4.1, sse4.2, popcnt, avx, avx2, aes, clmul, mmxext, 3dnowpref, lzcnt, sse4a, ht, tsc, tscinvbit, tscinv, bmi1, bmi2, adx, sha, fma

Memory: 4k page, system-wide physical 6091M (55M free)
TotalPageFile size 21352M (AvailPageFile size 0M)
current process WorkingSet (physical memory assigned to process): 82M, peak: 82M
current process commit charge ("private bytes"): 157M, peak: 158M

vm_info: Java HotSpot(TM) 64-Bit Server VM (11.0.6+8-LTS) for windows-amd64 JRE (11.0.6+8-LTS), built on Dec 11 2019 09:17:57 by "mach5one" with MS VC++ 15.5 (VS2017)

END.
